2024-08-14 10:14:29.473 - DBeaver 24.1.4.202408041450 is starting
2024-08-14 10:14:29.473 - OS: Windows 11 10.0 (amd64)
2024-08-14 10:14:29.474 - Java version: 17.0.6 by Eclipse Adoptium (64bit)
2024-08-14 10:14:29.474 - Install path: 'C:\Program Files\DBeaver'
2024-08-14 10:14:29.474 - Instance path: 'file:/C:/workspace/06_DB/'
2024-08-14 10:14:29.475 - Memory available 64Mb/1024Mb
2024-08-14 10:14:29.484 - Create display
> Start Eclipse IDE UI [org.eclipse.ui.ide 3.22.200.v20240524-2010]
2024-08-14 10:14:29.587 - Initialize desktop platform...
2024-08-14 10:14:29.668 - BounceCastle bundle found. Use JCE provider BC
> Start Core File Systems [org.eclipse.core.filesystem 1.10.400.v20240426-1040]
> Start Core Resource Management [org.eclipse.core.resources 3.20.200.v20240513-1323]
> Start 팀 지원 핵심 [org.eclipse.team.core 3.10.400.v20240413-1529]
> Start DBeaver UI Navigator [org.jkiss.dbeaver.ui.navigator 1.0.136.202408041450]
2024-08-14 10:14:29.787 - 
2024-08-14 10:14:29.787 - 	Refreshing workspace.
2024-08-14 10:14:29.787 - Refreshing workspace contents
2024-08-14 10:14:29.846 - Initialize base platform...
2024-08-14 10:14:29.867 - Platform initialized (280ms)
> Start DBeaver UI Editors - Base [org.jkiss.dbeaver.ui.editors.base 1.0.136.202408041450]
2024-08-14 10:14:29.909 - Starting instance server at http://localhost:51878
2024-08-14 10:14:29.915 - Run workbench
> Start Eclipse e4 작업영역 SWT [org.eclipse.e4.ui.workbench.swt 0.17.400.v20240425-0840]
> Start Eclipse Application Services [org.eclipse.e4.core.services 2.4.400.v20240413-1529]
> Start Eclipse UI Application Services [org.eclipse.e4.ui.services 1.6.300.v20231201-1637]
> Start Eclipse e4 Progress View [org.eclipse.e4.ui.progress 0.4.400.v20240424-0956]
> Start Eclipse Bindings Support [org.eclipse.e4.ui.bindings 0.14.400.v20240321-1245]
> Start Eclipse e4 core commands [org.eclipse.e4.core.commands 1.1.400.v20240424-0444]
> Start EMF XML/XMI Persistence [org.eclipse.emf.ecore.xmi 2.37.0.v20231208-1346]
> Start Eclipse CSS SWT Theme Support [org.eclipse.e4.ui.css.swt.theme 0.14.400.v20240424-0956]
> Start Eclipse e4 작업영역 기능 추가 [org.eclipse.e4.ui.workbench.addons.swt 1.5.400.v20240416-0658]
Warning: NLS unused message: 이유 in: org.eclipse.ui.internal.messages
> Start Eclipse e4 작업영역 SWT 렌더러 [org.eclipse.e4.ui.workbench.renderers.swt 0.16.400.v20240418-1547]
> Start Eclipse Dependency Injection Extensions [org.eclipse.e4.core.di.extensions 0.18.300.v20240413-1529]
> Start Eclipse CSS SWT Support [org.eclipse.e4.ui.css.swt 0.15.400.v20240321-1245]
> Start 기본 문서 편집기 [org.eclipse.ui.editors 3.17.300.v20240524-2010]
> Start 텍스트 편집기 프레임워크 [org.eclipse.ui.workbench.texteditor 3.17.400.v20240524-2010]
2024-08-14 10:14:31.014 - Configure workbench window
> Start DBeaver SQL Model [org.jkiss.dbeaver.model.sql 1.0.126.202408041450]
2024-08-14 10:14:31.192 - Total database drivers: 119 (119)
> Start 도움말 시스템 코어 [org.eclipse.help 3.10.400.v20240415-0528]
2024-08-14 10:14:31.286 - Create actions
2024-08-14 10:14:31.294 - Disable Eclipse action set 'org.eclipse.ui.edit.text.actionSet.annotationNavigation'
2024-08-14 10:14:31.294 - Disable Eclipse action set 'org.eclipse.ui.WorkingSetActionSet'
2024-08-14 10:14:31.294 - Disable Eclipse action set 'org.eclipse.ui.actionSet.openFiles'
2024-08-14 10:14:31.296 - Create workbench actions
2024-08-14 10:14:32.114 - Initialize workbench window
2024-08-14 10:14:32.119 - Finish initialization
> Start DBeaver UI Editors - Data [org.jkiss.dbeaver.ui.editors.data 1.0.136.202408041450]
> Start 인터넷 연결 관리 사용자 인터페이스 [org.eclipse.ui.net 1.5.400.v20240413-1529]
> Start Internet Connection Management [org.eclipse.core.net 1.5.400.v20240413-1529]
> Start 브라우저 지원 [org.eclipse.ui.browser 3.8.300.v20240524-2010]
Warning: NLS unused message: actions_navigator__objects in: org.jkiss.dbeaver.ui.editors.sql.internal.SQLEditorMessages
> Start DBeaver UI Editors - SQL [org.jkiss.dbeaver.ui.editors.sql 1.0.136.202408041450]
> Start GEF Classic Draw2d [org.eclipse.draw2d 3.16.0.202405290843]
> Start GEF Classic GEF (MVC) [org.eclipse.gef 3.18.0.202405290843]
> Start DBeaver ERD UI [org.jkiss.dbeaver.erd.ui 3.0.96.202408041450]
> Start DBeaver ERD Model [org.jkiss.dbeaver.erd.model 1.0.96.202408041450]
> Start DBeaver Dashboard UI [org.jkiss.dbeaver.ui.dashboard 1.0.133.202408041450]
> Start DBeaver Dashboards Model [org.jkiss.dbeaver.model.dashboard 1.0.9.202408041450]
> Start DBeaver Sample Database [org.jkiss.dbeaver.ext.sample.database 1.0.173.202408041450]
> Start DBeaver Tip of the day [org.jkiss.dbeaver.ext.ui.tipoftheday 1.0.142.202408041450]
2024-08-14 10:14:35.311 - Open [https://dbeaver.io/product/version.xml]
> Start DBeaver UI Editors - Connections [org.jkiss.dbeaver.ui.editors.connection 1.0.127.202408041450]
> Start DBeaver Oracle UI [org.jkiss.dbeaver.ext.oracle.ui 1.0.123.202408041450]
> Start DBeaver Oracle Model [org.jkiss.dbeaver.ext.oracle 2.1.221.202408041450]
> Start DBeaver JDBC Model [org.jkiss.dbeaver.model.jdbc 1.0.29.202408041450]
2024-08-14 10:15:51.523 - Unrecognized Oracle client version at C:\Oracle\dbhomeXE
2024-08-14 10:15:51.727 - Auth model 'native' was replaced by 'oracle_native'
2024-08-14 10:15:51.766 - Service 'org.jkiss.dbeaver.runtime.ui.UIServiceSecurity' not found
2024-08-14 10:17:15.500 - Open [https://repo1.maven.org/maven2/com/oracle/database/jdbc/ojdbc11/23.2.0.0/ojdbc11-23.2.0.0.pom]
2024-08-14 10:17:16.189 - Open [https://repo1.maven.org/maven2/com/oracle/database/nls/orai18n/23.2.0.0/orai18n-23.2.0.0.pom]
2024-08-14 10:17:16.367 - Open [https://repo1.maven.org/maven2/com/oracle/database/xml/xdb6/18.3.0.0/xdb6-18.3.0.0.pom]
2024-08-14 10:17:16.553 - Open [https://repo1.maven.org/maven2/com/oracle/database/xml/xmlparserv2/18.3.0.0/xmlparserv2-18.3.0.0.pom]
2024-08-14 10:17:16.737 - Open [https://repo1.maven.org/maven2/com/oracle/database/xml/xmlparserv2/23.2.0.0/xmlparserv2-23.2.0.0.pom]
2024-08-14 10:17:38.880 - Open [https://repo1.maven.org/maven2/com/oracle/database/jdbc/ojdbc11/23.2.0.0/ojdbc11-23.2.0.0.jar]
2024-08-14 10:20:57.442 - Open [https://repo1.maven.org/maven2/com/oracle/database/nls/orai18n/23.2.0.0/orai18n-23.2.0.0.jar]
2024-08-14 10:21:45.208 - Open [https://repo1.maven.org/maven2/com/oracle/database/xml/xdb6/18.3.0.0/xdb6-18.3.0.0.jar]
2024-08-14 10:21:51.426 - Open [https://repo1.maven.org/maven2/com/oracle/database/xml/xmlparserv2/18.3.0.0/xmlparserv2-18.3.0.0.jar]
2024-08-14 10:22:39.870 - Open [https://repo1.maven.org/maven2/com/oracle/database/xml/xmlparserv2/23.2.0.0/xmlparserv2-23.2.0.0.jar]
2024-08-14 10:23:36.428 - Connect with 'jdbc:oracle:thin:@//localhost:1521/XE' (oracle_thin-1914e75e6b4-296e78bd5591840d)
2024-08-14 10:23:36.463 - Execution context opened (jdbc:oracle:thin:@//localhost:1521/XE; Main; 0)
2024-08-14 10:23:37.093 - Connected (oracle_thin-1914e75e6b4-296e78bd5591840d, Oracle JDBC driver [23.2.0.0.0])
2024-08-14 10:23:37.106 - Execution context closed (jdbc:oracle:thin:@//localhost:1521/XE, 0)
2024-08-14 10:23:37.106 - Disconnected (oracle_thin-1914e75e6b4-296e78bd5591840d)
2024-08-14 10:25:44.172 - Connect with 'jdbc:oracle:thin:@//localhost:1521/XE' (oracle_thin-1914e7daa48-10a759ebaf9d0647)
2024-08-14 10:25:44.172 - Execution context opened (jdbc:oracle:thin:@//localhost:1521/XE; Main; 1)
2024-08-14 10:25:44.225 - Connected (oracle_thin-1914e7daa48-10a759ebaf9d0647, Oracle JDBC driver [23.2.0.0.0])
2024-08-14 10:25:44.238 - Execution context closed (jdbc:oracle:thin:@//localhost:1521/XE, 1)
2024-08-14 10:25:44.238 - Disconnected (oracle_thin-1914e7daa48-10a759ebaf9d0647)
2024-08-14 10:25:46.806 - Connect with 'jdbc:oracle:thin:@//localhost:1521/XE' (oracle_thin-1914e7db490-24b52e348a7ef6fb)
2024-08-14 10:25:46.807 - Execution context opened (jdbc:oracle:thin:@//localhost:1521/XE; Main; 2)
2024-08-14 10:25:46.853 - Connected (oracle_thin-1914e7db490-24b52e348a7ef6fb, Oracle JDBC driver [23.2.0.0.0])
2024-08-14 10:25:46.865 - Execution context closed (jdbc:oracle:thin:@//localhost:1521/XE, 2)
2024-08-14 10:25:46.865 - Disconnected (oracle_thin-1914e7db490-24b52e348a7ef6fb)
2024-08-14 10:26:29.434 - Connect with 'sys 관리자 계정' (oracle_thin-1914e749f5c-7a88df780d235313)
2024-08-14 10:26:29.434 - Execution context opened (sys 관리자 계정; Main; 3)
2024-08-14 10:26:29.472 - Execution context opened (sys 관리자 계정; Metadata; 4)
2024-08-14 10:26:29.514 - Connected (oracle_thin-1914e749f5c-7a88df780d235313, Oracle JDBC driver [23.2.0.0.0])
> Start Data Transfer UI [org.jkiss.dbeaver.data.transfer.ui 1.0.120.202408041450]
2024-08-14 10:26:50.096 - Service 'org.jkiss.dbeaver.runtime.ui.UIServiceSecurity' not found
> Start DBeaver Data Transfer [org.jkiss.dbeaver.data.transfer 2.0.120.202408041450]
Warning: NLS unused message: FindReplace_title in: org.eclipse.ui.texteditor.EditorMessages
Warning: NLS unused message: FindReplace_Find_label in: org.eclipse.ui.texteditor.EditorMessages
Warning: NLS unused message: FindReplace_Replace_label in: org.eclipse.ui.texteditor.EditorMessages
Warning: NLS unused message: FindReplace_Direction in: org.eclipse.ui.texteditor.EditorMessages
Warning: NLS unused message: FindReplace_ForwardRadioButton_label in: org.eclipse.ui.texteditor.EditorMessages
Warning: NLS unused message: FindReplace_BackwardRadioButton_label in: org.eclipse.ui.texteditor.EditorMessages
Warning: NLS unused message: FindReplace_Scope in: org.eclipse.ui.texteditor.EditorMessages
Warning: NLS unused message: FindReplace_GlobalRadioButton_label in: org.eclipse.ui.texteditor.EditorMessages
Warning: NLS unused message: FindReplace_SelectedRangeRadioButton_label in: org.eclipse.ui.texteditor.EditorMessages
Warning: NLS unused message: FindReplace_Options in: org.eclipse.ui.texteditor.EditorMessages
Warning: NLS unused message: FindReplace_CaseCheckBox_label in: org.eclipse.ui.texteditor.EditorMessages
Warning: NLS unused message: FindReplace_WrapCheckBox_label in: org.eclipse.ui.texteditor.EditorMessages
Warning: NLS unused message: FindReplace_WholeWordCheckBox_label in: org.eclipse.ui.texteditor.EditorMessages
Warning: NLS unused message: FindReplace_IncrementalCheckBox_label in: org.eclipse.ui.texteditor.EditorMessages
Warning: NLS unused message: FindReplace_RegExCheckbox_label in: org.eclipse.ui.texteditor.EditorMessages
Warning: NLS unused message: FindReplace_FindNextButton_label in: org.eclipse.ui.texteditor.EditorMessages
Warning: NLS unused message: FindReplace_ReplaceFindButton_label in: org.eclipse.ui.texteditor.EditorMessages
Warning: NLS unused message: FindReplace_ReplaceSelectionButton_label in: org.eclipse.ui.texteditor.EditorMessages
Warning: NLS unused message: FindReplace_ReplaceAllButton_label in: org.eclipse.ui.texteditor.EditorMessages
Warning: NLS unused message: FindReplace_SelectAllButton_label in: org.eclipse.ui.texteditor.EditorMessages
Warning: NLS unused message: FindReplace_CloseButton_label in: org.eclipse.ui.texteditor.EditorMessages
Warning: NLS unused message: FindReplace_Status_replacements_label in: org.eclipse.ui.texteditor.EditorMessages
> Start DBeaver SQL Terminal [org.jkiss.dbeaver.ui.editors.sql.terminal 1.0.112.202408041450]
> Start 핵심 비교 지원 [org.eclipse.compare.core 3.8.500.v20240524-2010]
> Start 콘솔 [org.eclipse.ui.console 3.14.100.v20240429-1358]
> Start 디버그 핵심 [org.eclipse.debug.core 3.21.400.v20240415-0528]
2024-08-14 10:27:28.058 - Execution context opened (sys 관리자 계정; SQLEditor <Script.sql>; 5)
> Start DBeaver Tasks - Native Tools UI [org.jkiss.dbeaver.tasks.native.ui 1.0.114.202408041450]
> Start DBeaver Tasks - General UI [org.jkiss.dbeaver.tasks.ui 1.0.114.202408041450]
2024-08-14 10:27:42.630 - Can't get column 'EXTERNAL_NAME': ORA-17006: 열 이름이 부적합합니다.
2024-08-14 10:27:42.630 - Can't get column 'ACCOUNT_STATUS': ORA-17006: 열 이름이 부적합합니다.
2024-08-14 10:27:42.630 - Can't get column 'LOCK_DATE': ORA-17006: 열 이름이 부적합합니다.
2024-08-14 10:27:42.630 - Can't get column 'EXPIRY_DATE': ORA-17006: 열 이름이 부적합합니다.
2024-08-14 10:27:42.631 - Can't get column 'DEFAULT_TABLESPACE': ORA-17006: 열 이름이 부적합합니다.
2024-08-14 10:27:42.631 - Can't get column 'TEMPORARY_TABLESPACE': ORA-17006: 열 이름이 부적합합니다.
2024-08-14 10:27:42.631 - Can't get column 'PROFILE': ORA-17006: 열 이름이 부적합합니다.
2024-08-14 10:27:42.631 - Can't get column 'INITIAL_RSRC_CONSUMER_GROUP': ORA-17006: 열 이름이 부적합합니다.
> Start DBeaver SQL Language Semantic Model [org.jkiss.dbeaver.model.lsm 1.0.31.202408041450]
2024-08-14 10:35:19.881 - SQL Error [1920] [42000]: ORA-01920: 사용자명 'KH_KHJ'(이)가 다른 사용자나 롤 이름과 상충됩니다


Error position: line: 8 pos: 12
org.jkiss.dbeaver.model.sql.DBSQLException: SQL Error [1920] [42000]: ORA-01920: 사용자명 'KH_KHJ'(이)가 다른 사용자나 롤 이름과 상충됩니다

	at org.jkiss.dbeaver.model.impl.jdbc.exec.JDBCStatementImpl.executeStatement(JDBCStatementImpl.java:133)
	at org.jkiss.dbeaver.ui.editors.sql.execute.SQLQueryJob.executeStatement(SQLQueryJob.java:615)
	at org.jkiss.dbeaver.ui.editors.sql.execute.SQLQueryJob.lambda$2(SQLQueryJob.java:506)
	at org.jkiss.dbeaver.model.exec.DBExecUtils.tryExecuteRecover(DBExecUtils.java:192)
	at org.jkiss.dbeaver.ui.editors.sql.execute.SQLQueryJob.executeSingleQuery(SQLQueryJob.java:525)
	at org.jkiss.dbeaver.ui.editors.sql.execute.SQLQueryJob.extractData(SQLQueryJob.java:977)
	at org.jkiss.dbeaver.ui.editors.sql.SQLEditor$QueryResultsContainer.readData(SQLEditor.java:4195)
	at org.jkiss.dbeaver.ui.controls.resultset.ResultSetJobDataRead.lambda$0(ResultSetJobDataRead.java:128)
	at org.jkiss.dbeaver.model.exec.DBExecUtils.tryExecuteRecover(DBExecUtils.java:192)
	at org.jkiss.dbeaver.ui.controls.resultset.ResultSetJobDataRead.run(ResultSetJobDataRead.java:126)
	at org.jkiss.dbeaver.ui.controls.resultset.ResultSetViewer$ResultSetDataPumpJob.run(ResultSetViewer.java:5160)
	at org.jkiss.dbeaver.model.runtime.AbstractJob.run(AbstractJob.java:117)
	at org.eclipse.core.internal.jobs.Worker.run(Worker.java:63)
Caused by: java.sql.SQLSyntaxErrorException: ORA-01920: 사용자명 'KH_KHJ'(이)가 다른 사용자나 롤 이름과 상충됩니다

	at oracle.jdbc.driver.T4CTTIoer11.processError(T4CTTIoer11.java:702)
	at oracle.jdbc.driver.T4CTTIoer11.processError(T4CTTIoer11.java:608)
	at oracle.jdbc.driver.T4C8Oall.processError(T4C8Oall.java:1335)
	at oracle.jdbc.driver.T4CTTIfun.receive(T4CTTIfun.java:1041)
	at oracle.jdbc.driver.T4CTTIfun.doRPC(T4CTTIfun.java:443)
	at oracle.jdbc.driver.T4C8Oall.doOALL(T4C8Oall.java:533)
	at oracle.jdbc.driver.T4CStatement.doOall8(T4CStatement.java:176)
	at oracle.jdbc.driver.T4CStatement.executeForRows(T4CStatement.java:1305)
	at oracle.jdbc.driver.OracleStatement.executeSQLStatement(OracleStatement.java:1877)
	at oracle.jdbc.driver.OracleStatement.doExecuteWithTimeout(OracleStatement.java:1520)
	at oracle.jdbc.driver.OracleStatement.executeInternal(OracleStatement.java:2557)
	at oracle.jdbc.driver.OracleStatement.execute(OracleStatement.java:2506)
	at oracle.jdbc.driver.OracleStatementWrapper.execute(OracleStatementWrapper.java:334)
	at org.jkiss.dbeaver.model.impl.jdbc.exec.JDBCStatementImpl.execute(JDBCStatementImpl.java:330)
	at org.jkiss.dbeaver.model.impl.jdbc.exec.JDBCStatementImpl.executeStatement(JDBCStatementImpl.java:131)
	... 12 more
Caused by: Error : 1920, Position : 12, SQL = CREATE USER KH_KHJ IDENTIFIED BY KH1234, Original SQL = CREATE USER KH_KHJ IDENTIFIED BY KH1234, Error Message = ORA-01920: 사용자명 'KH_KHJ'(이)가 다른 사용자나 롤 이름과 상충됩니다

	at oracle.jdbc.driver.T4CTTIoer11.processError(T4CTTIoer11.java:710)
	... 26 more
2024-08-14 10:36:19.896 - Auth model 'native' was replaced by 'oracle_native'
2024-08-14 10:36:19.922 - Service 'org.jkiss.dbeaver.runtime.ui.UIServiceSecurity' not found
2024-08-14 10:37:10.950 - Connect with 'jdbc:oracle:thin:@//localhost:1521/XE' (oracle_thin-1914e8824fd-6454d6a90b96e958)
2024-08-14 10:37:10.951 - Execution context opened (jdbc:oracle:thin:@//localhost:1521/XE; Main; 6)
2024-08-14 10:37:11.018 - Connected (oracle_thin-1914e8824fd-6454d6a90b96e958, Oracle JDBC driver [23.2.0.0.0])
2024-08-14 10:37:11.030 - Execution context closed (jdbc:oracle:thin:@//localhost:1521/XE, 6)
2024-08-14 10:37:11.030 - Disconnected (oracle_thin-1914e8824fd-6454d6a90b96e958)
2024-08-14 10:39:30.720 - Connect with 'localhost' (oracle_thin-1914e875d2c-497537ff5ab424e1)
2024-08-14 10:39:30.720 - Execution context opened (localhost; Main; 7)
2024-08-14 10:39:30.748 - Execution context opened (localhost; Metadata; 8)
2024-08-14 10:39:30.782 - Connected (oracle_thin-1914e875d2c-497537ff5ab424e1, Oracle JDBC driver [23.2.0.0.0])
2024-08-14 10:42:52.774 - Execution context closed (KH_KHJ(KH1234), 7)
2024-08-14 10:42:52.785 - Execution context closed (KH_KHJ(KH1234), 8)
2024-08-14 10:42:52.785 - Disconnected (oracle_thin-1914e875d2c-497537ff5ab424e1)
2024-08-14 10:43:00.417 - Connect with 'KH_KHJ(KH1234)' (oracle_thin-1914e875d2c-497537ff5ab424e1)
2024-08-14 10:43:00.418 - Execution context opened (KH_KHJ(KH1234); Main; 9)
2024-08-14 10:43:00.489 - Execution context opened (KH_KHJ(KH1234); Metadata; 10)
2024-08-14 10:43:00.519 - Connected (oracle_thin-1914e875d2c-497537ff5ab424e1, Oracle JDBC driver [23.2.0.0.0])
> Start DBeaver Tasks View [org.jkiss.dbeaver.tasks.ui.view 1.0.85.202408041450]
2024-08-14 10:47:29.346 - Execution context opened (KH_KHJ(KH1234); SQLEditor <수업용SCRIPT_2024_08.sql>; 11)
2024-08-14 10:48:06.798 - org.jkiss.dbeaver.model.sql.DBSQLException: SQL Error [942] [42000]: ORA-00942: 테이블 또는 뷰가 존재하지 않습니다

	at org.jkiss.dbeaver.model.impl.jdbc.exec.JDBCStatementImpl.executeStatement(JDBCStatementImpl.java:133)
	at org.jkiss.dbeaver.ui.editors.sql.execute.SQLQueryJob.executeStatement(SQLQueryJob.java:615)
	at org.jkiss.dbeaver.ui.editors.sql.execute.SQLQueryJob.lambda$2(SQLQueryJob.java:506)
	at org.jkiss.dbeaver.model.exec.DBExecUtils.tryExecuteRecover(DBExecUtils.java:192)
	at org.jkiss.dbeaver.ui.editors.sql.execute.SQLQueryJob.executeSingleQuery(SQLQueryJob.java:525)
	at org.jkiss.dbeaver.ui.editors.sql.execute.SQLQueryJob.run(SQLQueryJob.java:240)
	at org.jkiss.dbeaver.model.runtime.AbstractJob.run(AbstractJob.java:117)
	at org.eclipse.core.internal.jobs.Worker.run(Worker.java:63)
Caused by: java.sql.SQLSyntaxErrorException: ORA-00942: 테이블 또는 뷰가 존재하지 않습니다

	at oracle.jdbc.driver.T4CTTIoer11.processError(T4CTTIoer11.java:702)
	at oracle.jdbc.driver.T4CTTIoer11.processError(T4CTTIoer11.java:608)
	at oracle.jdbc.driver.T4C8Oall.processError(T4C8Oall.java:1335)
	at oracle.jdbc.driver.T4CTTIfun.receive(T4CTTIfun.java:1041)
	at oracle.jdbc.driver.T4CTTIfun.doRPC(T4CTTIfun.java:443)
	at oracle.jdbc.driver.T4C8Oall.doOALL(T4C8Oall.java:533)
	at oracle.jdbc.driver.T4CStatement.doOall8(T4CStatement.java:176)
	at oracle.jdbc.driver.T4CStatement.executeForRows(T4CStatement.java:1305)
	at oracle.jdbc.driver.OracleStatement.executeSQLStatement(OracleStatement.java:1877)
	at oracle.jdbc.driver.OracleStatement.doExecuteWithTimeout(OracleStatement.java:1520)
	at oracle.jdbc.driver.OracleStatement.executeInternal(OracleStatement.java:2557)
	at oracle.jdbc.driver.OracleStatement.execute(OracleStatement.java:2506)
	at oracle.jdbc.driver.OracleStatementWrapper.execute(OracleStatementWrapper.java:334)
	at org.jkiss.dbeaver.model.impl.jdbc.exec.JDBCStatementImpl.execute(JDBCStatementImpl.java:330)
	at org.jkiss.dbeaver.model.impl.jdbc.exec.JDBCStatementImpl.executeStatement(JDBCStatementImpl.java:131)
	... 7 more
Caused by: Error : 942, Position : 11, SQL = DROP TABLE EMPLOYEE, Original SQL = DROP TABLE EMPLOYEE, Error Message = ORA-00942: 테이블 또는 뷰가 존재하지 않습니다

	at oracle.jdbc.driver.T4CTTIoer11.processError(T4CTTIoer11.java:710)
	... 21 more
2024-08-14 10:50:07.464 - Can't get column 'EXTERNAL_NAME': ORA-17006: 열 이름이 부적합합니다.
2024-08-14 10:50:07.465 - Can't get column 'ACCOUNT_STATUS': ORA-17006: 열 이름이 부적합합니다.
2024-08-14 10:50:07.465 - Can't get column 'LOCK_DATE': ORA-17006: 열 이름이 부적합합니다.
2024-08-14 10:50:07.465 - Can't get column 'EXPIRY_DATE': ORA-17006: 열 이름이 부적합합니다.
2024-08-14 10:50:07.465 - Can't get column 'DEFAULT_TABLESPACE': ORA-17006: 열 이름이 부적합합니다.
2024-08-14 10:50:07.465 - Can't get column 'TEMPORARY_TABLESPACE': ORA-17006: 열 이름이 부적합합니다.
2024-08-14 10:50:07.465 - Can't get column 'PROFILE': ORA-17006: 열 이름이 부적합합니다.
2024-08-14 10:50:07.465 - Can't get column 'INITIAL_RSRC_CONSUMER_GROUP': ORA-17006: 열 이름이 부적합합니다.
2024-08-14 11:04:46.179 - Execution context opened (KH_KHJ(KH1234); SQLEditor <Script.sql>; 12)
2024-08-14 11:05:07.771 - Execution context opened (KH_KHJ(KH1234); SQLEditor <Script-1.sql>; 13)
2024-08-14 11:05:09.013 - Delete empty SQL script '\General\Scripts\Script-1.sql'
2024-08-14 11:05:09.023 - Execution context closed (KH_KHJ(KH1234), 13)
> Start Equinox Provisioning Engine [org.eclipse.equinox.p2.engine 2.10.200.v20240425-1316]
> Start Equinox Provisioning Core [org.eclipse.equinox.p2.core 2.12.0.v20240515-1919]
> Start Equinox Provisioning Metadata [org.eclipse.equinox.p2.metadata 2.9.100.v20240416-0654]
> Start Equinox Provisioning Platform Update Support [org.eclipse.equinox.p2.ui.sdk 1.3.300.v20240207-1113]
> Start Equinox Provisioning Operations API [org.eclipse.equinox.p2.operations 2.7.400.v20240425-0751]
> Start Equinox Provisioning UI Support [org.eclipse.equinox.p2.ui 2.8.400.v20240511-1722]
> Start Equinox Provisioning Metadata Repository [org.eclipse.equinox.p2.metadata.repository 1.5.400.v20240515-1919]
> Start Equinox Provisioning Repository [org.eclipse.equinox.p2.repository 2.9.100.v20240511-1722]
> Start Equinox Provisioning Director [org.eclipse.equinox.p2.director 2.6.400.v20240321-1450]
> Start Equinox Provisioning ECF based Transport [org.eclipse.equinox.p2.transport.ecf 1.4.300.v20240321-1450]
> Start ECF Filetransfer API [org.eclipse.ecf.filetransfer 5.1.103.v20230705-0614]
> Start ECF Core API [org.eclipse.ecf 3.11.0.v20230507-1923]
> Start ECF Java HttpClient Filetransfer Provider [org.eclipse.ecf.provider.filetransfer.httpclientjava 2.0.200.v20231114-1017]
> Start ECF Filetransfer Provider [org.eclipse.ecf.provider.filetransfer 3.3.0.v20230422-0242]
> Start Equinox Concurrent API [org.eclipse.equinox.concurrent 1.3.100.v20240514-0729]
> Start ECF Identity Core API [org.eclipse.ecf.identity 3.10.0.v20230422-0242]
> Start Equinox Provisioning Extension Location Repository Support [org.eclipse.equinox.p2.extensionlocation 1.5.400.v20240321-1450]
> Start Equinox Provisioning Legacy Update Site Support [org.eclipse.equinox.p2.updatesite 1.3.400.v20240321-1450]
> Start Equinox Provisioning Publisher Infrastructure [org.eclipse.equinox.p2.publisher 1.9.200.v20240429-0755]
> Start Equinox Provisioning Garbage Collector [org.eclipse.equinox.p2.garbagecollector 1.3.300.v20240321-1450]
> Start Equinox Provisioning Artifact Repository Support [org.eclipse.equinox.p2.artifact.repository 1.5.400.v20240416-0654]
> Start Equinox Provisioning Native Touchpoint [org.eclipse.equinox.p2.touchpoint.natives 1.5.300.v20240423-0755]
> Start Equinox Provisioning Eclipse Touchpoint [org.eclipse.equinox.p2.touchpoint.eclipse 2.4.300.v20240511-1722]
> Start Simple Configurator Manipulator [org.eclipse.equinox.simpleconfigurator.manipulator 2.3.200.v20240321-1450]
> Start Equinox Provisioning Directory Watcher [org.eclipse.equinox.p2.directorywatcher 1.4.400.v20240321-1450]
> Start Equinox Provisioning Publisher for Eclipse [org.eclipse.equinox.p2.publisher.eclipse 1.6.100.v20240519-2013]
> Start Equinox Security Default UI [org.eclipse.equinox.security.ui 1.4.300.v20240513-1104]
2024-08-14 11:25:05.039 - Execution context closed (sys 관리자 계정, 5)
2024-08-14 11:25:05.081 - Execution context closed (KH_KHJ(KH1234), 11)
2024-08-14 11:25:05.127 - Execution context closed (KH_KHJ(KH1234), 12)
2024-08-14 11:25:05.382 - DBeaver is stopping
2024-08-14 11:25:05.383 - Stop instance server
2024-08-14 11:25:06.386 - Instance server has been stopped
2024-08-14 11:25:06.386 - DBeaver shutdown completed
