2024-09-05 16:15:43.312 - DBeaver 24.1.4.202408041450 is starting
2024-09-05 16:15:43.313 - OS: Windows 11 10.0 (amd64)
2024-09-05 16:15:43.313 - Java version: 17.0.6 by Eclipse Adoptium (64bit)
2024-09-05 16:15:43.313 - Install path: 'C:\Program Files\DBeaver'
2024-09-05 16:15:43.313 - Instance path: 'file:/C:/workspace/06_DB/'
2024-09-05 16:15:43.314 - Memory available 64Mb/1024Mb
2024-09-05 16:15:43.327 - Create display
> Start DevStyle Theming - Webicons [com.genuitec.eclipse.webicons 2024.2.0.202406171634]
> Start JFace [org.eclipse.jface 3.34.0.v20240502-1134]
2024-09-05 16:15:43.918 - Initialize desktop platform...
2024-09-05 16:15:44.063 - BounceCastle bundle found. Use JCE provider BC
> Start Core File Systems [org.eclipse.core.filesystem 1.10.400.v20240426-1040]
> Start Text Editor Framework [org.eclipse.ui.workbench.texteditor 3.17.400.v20240524-2010]
> Start Client [com.genuitec.eclipse.codetogether.ui.client 2024.3.1.202407230323]
> Start Workspace [com.genuitec.eclipse.startup.workspace 2024.2.0.202406171634]
> Start Webclipse Common Core Platform Utilities [com.genuitec.eclipse.core.common.platform 2024.2.0.202406171634]
> Start Webclipse Common Core Platform Utilities [com.genuitec.eclipse.ui.common.platform 2024.2.0.202406171634]
> Start DevStyle Theming - Color Theme API [com.genuitec.eclipsecolortheme.api 2024.2.0.202406171634]
> Start Evergreen Updates [com.genuitec.eclipse.webclipse.evergreen 2024.2.0.202406171634]
> Start Core Resource Management [org.eclipse.core.resources 3.20.200.v20240513-1323]
> Start Team Support Core [org.eclipse.team.core 3.10.400.v20240413-1529]
> Start DBeaver UI Navigator [org.jkiss.dbeaver.ui.navigator 1.0.136.202408041450]
2024-09-05 16:15:53.434 - Initialize base platform...
2024-09-05 16:15:53.459 - Platform initialized (9541ms)
> Start DBeaver UI Editors - Base [org.jkiss.dbeaver.ui.editors.base 1.0.136.202408041450]
2024-09-05 16:15:53.512 - Starting instance server at http://localhost:61439
2024-09-05 16:15:53.529 - Run workbench
> Start Eclipse e4 Workbench SWT [org.eclipse.e4.ui.workbench.swt 0.17.400.v20240425-0840]
> Start Eclipse Application Services [org.eclipse.e4.core.services 2.4.400.v20240413-1529]
> Start Eclipse UI Application Services [org.eclipse.e4.ui.services 1.6.300.v20231201-1637]
> Start Eclipse e4 Progress View [org.eclipse.e4.ui.progress 0.4.400.v20240424-0956]
> Start Eclipse Bindings Support [org.eclipse.e4.ui.bindings 0.14.400.v20240321-1245]
> Start Eclipse e4 core commands [org.eclipse.e4.core.commands 1.1.400.v20240424-0444]
WARNING: Annotation classes from the 'javax.inject' or 'javax.annotation' package found.
It is recommended to migrate to the corresponding replacements in the jakarta namespace.
The Eclipse E4 Platform will remove support for those javax-annotations in a future release.
To suppress this warning, set the VM property: -Declipse.e4.inject.javax.warning=false
To disable processing of 'javax' annotations entirely, set the VM property: -Declipse.e4.inject.javax.disabled=true

> Start EMF XML/XMI Persistence [org.eclipse.emf.ecore.xmi 2.37.0.v20231208-1346]
> Start Eclipse CSS SWT Theme Support [org.eclipse.e4.ui.css.swt.theme 0.14.400.v20240424-0956]
> Start Eclipse e4 Workbench Add-ons [org.eclipse.e4.ui.workbench.addons.swt 1.5.400.v20240416-0658]
> Start Eclipse e4 Workbench SWT Renderer [org.eclipse.e4.ui.workbench.renderers.swt 0.16.400.v20240418-1547]
> Start Eclipse Dependency Injection Extensions [org.eclipse.e4.core.di.extensions 0.18.300.v20240413-1529]
> Start Eclipse CSS SWT Support [org.eclipse.e4.ui.css.swt 0.15.400.v20240321-1245]
> Start Startup [com.genuitec.eclipse.startup 2024.2.0.202406171634]
> Start DevStyle Theming - Scrollbar [com.genuitec.eclipse.theming.scrollbar 2024.2.0.202406171634]
> Start GEF Classic Draw2d [org.eclipse.draw2d 3.16.0.202405290843]
> Start DevStyle Theming - Base [com.genuitec.eclipse.theming.base 2024.2.0.202406171634]
> Start DevStyle Theming - UI [com.genuitec.eclipse.theming.ui 2024.2.0.202406171634]
> Start Default Text Editor [org.eclipse.ui.editors 3.17.300.v20240524-2010]
2024-09-05 16:15:55.961 - Configure workbench window
> Start DBeaver SQL Model [org.jkiss.dbeaver.model.sql 1.0.126.202408041450]
2024-09-05 16:15:56.094 - Total database drivers: 119 (119)
> Start Help System Core [org.eclipse.help 3.10.400.v20240415-0528]
2024-09-05 16:15:56.181 - Create actions
2024-09-05 16:15:56.187 - Disable Eclipse action set 'org.eclipse.ui.edit.text.actionSet.annotationNavigation'
2024-09-05 16:15:56.188 - Disable Eclipse action set 'org.eclipse.ui.WorkingSetActionSet'
2024-09-05 16:15:56.188 - Disable Eclipse action set 'org.eclipse.ui.actionSet.openFiles'
2024-09-05 16:15:56.189 - Create workbench actions
> Start Enhanced Explorer JDT Support [com.genuitec.eclipse.meexplorer.jdt 2024.2.0.202406171634]
> Start Enhanced Explorer [com.genuitec.eclipse.meexplorer 2024.2.0.202406171634]
> Start Common Navigator View [org.eclipse.ui.navigator 3.12.400.v20240424-0956]
> Start Eclipse Compiler for Java(TM) [org.eclipse.jdt.core.compiler.batch 3.38.0.v20240524-2033]
> Start Java Development Tools Core [org.eclipse.jdt.core 3.38.0.v20240528-0618]
> Start Java Code Manipulation Functionality [org.eclipse.jdt.core.manipulation 1.21.100.v20240524-2038]
> Start Java Development Tools UI [org.eclipse.jdt.ui 3.32.100.v20240524-2038]
> Start Navigator Workbench Components [org.eclipse.ui.navigator.resources 3.9.300.v20240506-0929]
2024-09-05 16:15:57.119 - Initialize workbench window
2024-09-05 16:15:57.123 - Finish initialization
> Start DBeaver UI Editors - Data [org.jkiss.dbeaver.ui.editors.data 1.0.136.202408041450]
Warning: NLS unused message: actions_navigator__objects in: org.jkiss.dbeaver.ui.editors.sql.internal.SQLEditorMessages
> Start DBeaver UI Editors - SQL [org.jkiss.dbeaver.ui.editors.sql 1.0.136.202408041450]
> Start DBeaver SQL Terminal [org.jkiss.dbeaver.ui.editors.sql.terminal 1.0.112.202408041450]
> Start Internet Connection Management UI [org.eclipse.ui.net 1.5.400.v20240413-1529]
> Start JGit SSH support based on Apache MINA sshd [org.eclipse.jgit.ssh.apache 6.10.0.202406032230-r]
> Start JGit Apache httpclient based HTTP support [org.eclipse.jgit.http.apache 6.10.0.202406032230-r]
> Start JSch Core [org.eclipse.jsch.core 1.5.400.v20240413-1649]
> Start Internet Connection Management [org.eclipse.core.net 1.5.400.v20240413-1529]
> Start CodeTogether UI [com.genuitec.eclipse.codetogether.ui 2024.3.1.202407230323]
> Start Debug Core [org.eclipse.debug.core 3.21.400.v20240415-0528]
> Start Debug UI [org.eclipse.debug.ui 3.18.400.v20240516-0857]
> Start Core Compare Support [org.eclipse.compare.core 3.8.500.v20240524-2010]
> Start Browser Support [org.eclipse.ui.browser 3.8.300.v20240524-2010]
> Start Java Development Tools Launching Support [org.eclipse.jdt.launching 3.22.0.v20240424-1830]
> Start Team Support UI [org.eclipse.team.ui 3.10.400.v20240416-0654]
> Start CodeTogether Core [com.genuitec.eclipse.codetogether.core 2024.3.1.202407230323]
> Start Equinox Provisioning Core [org.eclipse.equinox.p2.core 2.12.0.v20240515-1919]
> Start Equinox Provisioning Engine [org.eclipse.equinox.p2.engine 2.10.200.v20240425-1316]
> Start Equinox Provisioning Metadata [org.eclipse.equinox.p2.metadata 2.9.100.v20240416-0654]
> Start Equinox Provisioning Metadata Repository [org.eclipse.equinox.p2.metadata.repository 1.5.400.v20240515-1919]
> Start Equinox Provisioning Repository [org.eclipse.equinox.p2.repository 2.9.100.v20240511-1722]
> Start DBeaver Sample Database [org.jkiss.dbeaver.ext.sample.database 1.0.173.202408041450]
> Start DBeaver Tip of the day [org.jkiss.dbeaver.ext.ui.tipoftheday 1.0.142.202408041450]
> Start GEF Classic GEF (MVC) [org.eclipse.gef 3.18.0.202405290843]
> Start DBeaver ERD UI [org.jkiss.dbeaver.erd.ui 3.0.96.202408041450]
> Start DBeaver ERD Model [org.jkiss.dbeaver.erd.model 1.0.96.202408041450]
> Start DBeaver Dashboard UI [org.jkiss.dbeaver.ui.dashboard 1.0.133.202408041450]
> Start DBeaver Dashboards Model [org.jkiss.dbeaver.model.dashboard 1.0.9.202408041450]
> Start DBeaver UI Editors - Connections [org.jkiss.dbeaver.ui.editors.connection 1.0.127.202408041450]
> Start Language Server Protocol client for CodeTogether [com.genuitec.eclipse.lsp4e 2024.3.1.202407230323]
> Start Equinox Provisioning UI Support [org.eclipse.equinox.p2.ui 2.8.400.v20240511-1722]
> Start Equinox Provisioning Operations API [org.eclipse.equinox.p2.operations 2.7.400.v20240425-0751]
> Start Equinox Provisioning Platform Update Support [org.eclipse.equinox.p2.ui.sdk 1.3.300.v20240207-1113]
> Start Core Variables [org.eclipse.core.variables 3.6.400.v20240413-1529]
9월 05, 2024 4:15:59 오후 org.glassfish.grizzly.http.server.NetworkListener start
정보: Started listener bound to [localhost:1597]
9월 05, 2024 4:15:59 오후 org.glassfish.grizzly.http.server.HttpServer start
정보: [HttpServer] Started.
> Start Console [org.eclipse.ui.console 3.14.100.v20240429-1358]
2024-09-05 16:16:00.817 - Connect with 'KH_KHJ(KH1234)' (oracle_thin-1914e875d2c-497537ff5ab424e1)
> Start DBeaver JDBC Model [org.jkiss.dbeaver.model.jdbc 1.0.29.202408041450]
> Start DBeaver Oracle Model [org.jkiss.dbeaver.ext.oracle 2.1.221.202408041450]
2024-09-05 16:16:00.854 - Execution context opened (KH_KHJ(KH1234); Main; 0)
> Start DBeaver SQL Language Semantic Model [org.jkiss.dbeaver.model.lsm 1.0.31.202408041450]
2024-09-05 16:16:01.734 - Execution context opened (KH_KHJ(KH1234); Metadata; 1)
2024-09-05 16:16:01.799 - Open [https://dbeaver.io/product/version.xml]
2024-09-05 16:16:01.871 - Connected (oracle_thin-1914e875d2c-497537ff5ab424e1, Oracle JDBC driver [23.2.0.0.0])
2024-09-05 16:16:01.881 - Execution context opened (KH_KHJ(KH1234); SQLEditor <Script-6.sql>; 2)
> Start DBeaver Tasks - Native Tools UI [org.jkiss.dbeaver.tasks.native.ui 1.0.114.202408041450]
> Start DBeaver Oracle UI [org.jkiss.dbeaver.ext.oracle.ui 1.0.123.202408041450]
> Start DBeaver Tasks - General UI [org.jkiss.dbeaver.tasks.ui 1.0.114.202408041450]
2024-09-05 16:16:13.486 - Can't get column 'PLUGGED_IN': ORA-17006: 열 이름이 부적합합니다.
> Start Refactoring Core [org.eclipse.ltk.core.refactoring 3.14.400.v20240321-1245]
2024-09-05 16:16:32.482 - Execution context opened (KH_KHJ(KH1234); SQLEditor <Script-5.sql>; 3)
2024-09-05 16:38:50.175 - Execution context closed (KH_KHJ(KH1234), 3)
2024-09-05 16:38:51.187 - Execution context closed (KH_KHJ(KH1234), 2)
2024-09-05 16:38:59.838 - Execution context opened (KH_KHJ(KH1234); SQLEditor <Script-2.sql>; 4)
2024-09-05 17:47:42.181 - Execution context closed (KH_KHJ(KH1234), 4)
2024-09-05 17:47:44.888 - Event loop exception
java.lang.NullPointerException: Cannot invoke "org.eclipse.ui.texteditor.IDocumentProvider.isDeleted(Object)" because "provider" is null
	at org.eclipse.ui.texteditor.AbstractDecoratedTextEditor.performSaveAs(AbstractDecoratedTextEditor.java:1581)
	at org.eclipse.ui.texteditor.AbstractTextEditor.handleEditorInputChanged(AbstractTextEditor.java:4692)
	at org.eclipse.ui.texteditor.StatusTextEditor.handleEditorInputChanged(StatusTextEditor.java:290)
	at org.eclipse.ui.texteditor.AbstractDecoratedTextEditor.handleEditorInputChanged(AbstractDecoratedTextEditor.java:1502)
	at org.eclipse.ui.texteditor.AbstractTextEditor.sanityCheckState(AbstractTextEditor.java:4865)
	at org.eclipse.ui.texteditor.StatusTextEditor.sanityCheckState(StatusTextEditor.java:276)
	at org.eclipse.ui.texteditor.AbstractTextEditor.safelySanityCheckState(AbstractTextEditor.java:4843)
	at org.eclipse.ui.texteditor.AbstractTextEditor$ActivationListener.handleActivation(AbstractTextEditor.java:983)
	at org.eclipse.swt.widgets.RunnableLock.run(RunnableLock.java:40)
	at org.eclipse.swt.widgets.Synchronizer.runAsyncMessages(Synchronizer.java:132)
	at org.eclipse.swt.widgets.Display.runAsyncMessages(Display.java:4058)
	at org.eclipse.swt.widgets.Display.readAndDispatch(Display.java:3676)
	at org.eclipse.jface.window.Window.runEventLoop(Window.java:823)
	at org.eclipse.jface.window.Window.open(Window.java:799)
	at org.eclipse.jface.dialogs.MessageDialog.open(MessageDialog.java:608)
	at org.jkiss.dbeaver.ui.dialogs.ConfirmationDialog.open(ConfirmationDialog.java:113)
	at org.jkiss.dbeaver.ui.registry.ConfirmationRegistry.confirmAction(ConfirmationRegistry.java:68)
	at org.jkiss.dbeaver.ui.dialogs.ConfirmationDialog.confirmAction(ConfirmationDialog.java:159)
	at org.jkiss.dbeaver.ui.app.standalone.ApplicationWorkbenchAdvisor.closeOpenEditors(ApplicationWorkbenchAdvisor.java:414)
	at org.jkiss.dbeaver.ui.app.standalone.ApplicationWorkbenchAdvisor.saveAndCleanup(ApplicationWorkbenchAdvisor.java:398)
	at org.jkiss.dbeaver.ui.app.standalone.ApplicationWorkbenchAdvisor.preShutdown(ApplicationWorkbenchAdvisor.java:370)
	at org.eclipse.ui.internal.Workbench.busyClose(Workbench.java:1056)
	at org.eclipse.ui.internal.Workbench.lambda$4(Workbench.java:1409)
	at org.eclipse.swt.custom.BusyIndicator.showWhile(BusyIndicator.java:67)
	at org.eclipse.ui.internal.Workbench.close(Workbench.java:1409)
	at org.eclipse.ui.internal.Workbench.close(Workbench.java:1385)
	at org.eclipse.ui.internal.WorkbenchWindow.busyClose(WorkbenchWindow.java:1714)
	at org.eclipse.ui.internal.WorkbenchWindow.lambda$5(WorkbenchWindow.java:1741)
	at org.eclipse.swt.custom.BusyIndicator.showWhile(BusyIndicator.java:67)
	at org.eclipse.ui.internal.WorkbenchWindow.close(WorkbenchWindow.java:1741)
	at org.eclipse.ui.internal.WorkbenchWindow.close(WorkbenchWindow.java:1750)
	at org.eclipse.ui.internal.WorkbenchWindow.lambda$2(WorkbenchWindow.java:505)
	at org.eclipse.e4.ui.workbench.renderers.swt.WBWRenderer.lambda$4(WBWRenderer.java:572)
	at org.eclipse.swt.events.ShellListener$2.shellClosed(ShellListener.java:102)
	at org.eclipse.swt.widgets.TypedListener.handleEvent(TypedListener.java:115)
	at org.eclipse.swt.widgets.EventTable.sendEvent(EventTable.java:91)
	at org.eclipse.swt.widgets.Display.sendEvent(Display.java:4285)
	at org.eclipse.swt.widgets.Widget.sendEvent(Widget.java:1160)
	at org.eclipse.swt.widgets.Widget.sendEvent(Widget.java:1184)
	at org.eclipse.swt.widgets.Widget.sendEvent(Widget.java:1169)
	at org.eclipse.swt.widgets.Decorations.closeWidget(Decorations.java:273)
	at org.eclipse.swt.widgets.Decorations.WM_CLOSE(Decorations.java:1554)
	at org.eclipse.swt.widgets.Control.windowProc(Control.java:4714)
	at org.eclipse.swt.widgets.Canvas.windowProc(Canvas.java:340)
	at org.eclipse.swt.widgets.Decorations.windowProc(Decorations.java:1482)
	at org.eclipse.swt.widgets.Shell.windowProc(Shell.java:2319)
	at org.eclipse.swt.widgets.Display.windowProc(Display.java:5050)
	at org.eclipse.swt.internal.win32.OS.DefWindowProc(Native Method)
	at org.eclipse.swt.widgets.Shell.callWindowProc(Shell.java:522)
	at org.eclipse.swt.widgets.Control.windowProc(Control.java:4813)
	at org.eclipse.swt.widgets.Canvas.windowProc(Canvas.java:340)
	at org.eclipse.swt.widgets.Decorations.windowProc(Decorations.java:1482)
	at org.eclipse.swt.widgets.Shell.windowProc(Shell.java:2319)
	at org.eclipse.swt.widgets.Display.windowProc(Display.java:5050)
	at org.eclipse.swt.internal.win32.OS.DefWindowProc(Native Method)
	at org.eclipse.swt.widgets.Shell.callWindowProc(Shell.java:522)
	at org.eclipse.swt.widgets.Control.windowProc(Control.java:4813)
	at org.eclipse.swt.widgets.Canvas.windowProc(Canvas.java:340)
	at org.eclipse.swt.widgets.Decorations.windowProc(Decorations.java:1482)
	at org.eclipse.swt.widgets.Shell.windowProc(Shell.java:2319)
	at org.eclipse.swt.widgets.Display.windowProc(Display.java:5050)
	at org.eclipse.swt.internal.win32.OS.DispatchMessage(Native Method)
	at org.eclipse.swt.widgets.Display.readAndDispatch(Display.java:3671)
	at org.eclipse.e4.ui.internal.workbench.swt.PartRenderingEngine$5.run(PartRenderingEngine.java:1151)
	at org.eclipse.core.databinding.observable.Realm.runWithDefault(Realm.java:339)
	at org.eclipse.e4.ui.internal.workbench.swt.PartRenderingEngine.run(PartRenderingEngine.java:1042)
	at org.eclipse.e4.ui.internal.workbench.E4Workbench.createAndRunUI(E4Workbench.java:152)
	at org.eclipse.ui.internal.Workbench.lambda$3(Workbench.java:639)
	at org.eclipse.core.databinding.observable.Realm.runWithDefault(Realm.java:339)
	at org.eclipse.ui.internal.Workbench.createAndRunWorkbench(Workbench.java:546)
	at org.eclipse.ui.PlatformUI.createAndRunWorkbench(PlatformUI.java:173)
	at org.jkiss.dbeaver.ui.app.standalone.DBeaverApplication.start(DBeaverApplication.java:291)
	at org.eclipse.equinox.internal.app.EclipseAppHandle.run(EclipseAppHandle.java:208)
	at org.eclipse.core.runtime.internal.adaptor.EclipseAppLauncher.runApplication(EclipseAppLauncher.java:143)
	at org.eclipse.core.runtime.internal.adaptor.EclipseAppLauncher.start(EclipseAppLauncher.java:109)
	at org.eclipse.core.runtime.adaptor.EclipseStarter.run(EclipseStarter.java:439)
	at org.eclipse.core.runtime.adaptor.EclipseStarter.run(EclipseStarter.java:271)
	at java.base/jdk.internal.reflect.NativeMethodAccessorImpl.invoke0(Native Method)
	at java.base/jdk.internal.reflect.NativeMethodAccessorImpl.invoke(Unknown Source)
	at java.base/jdk.internal.reflect.DelegatingMethodAccessorImpl.invoke(Unknown Source)
	at java.base/java.lang.reflect.Method.invoke(Unknown Source)
	at org.jkiss.dbeaver.launcher.DBeaverLauncher.invokeFramework(DBeaverLauncher.java:648)
	at org.jkiss.dbeaver.launcher.DBeaverLauncher.basicRun(DBeaverLauncher.java:608)
	at org.jkiss.dbeaver.launcher.DBeaverLauncher.run(DBeaverLauncher.java:1459)
2024-09-05 17:47:46.232 - DBeaver is stopping
2024-09-05 17:47:46.233 - Stop instance server
2024-09-05 17:47:47.238 - Instance server has been stopped
2024-09-05 17:47:47.239 - DBeaver shutdown completed
