2024-09-06 09:12:21.962 - DBeaver 24.1.4.202408041450 is starting
2024-09-06 09:12:21.963 - OS: Windows 11 10.0 (amd64)
2024-09-06 09:12:21.963 - Java version: 17.0.6 by Eclipse Adoptium (64bit)
2024-09-06 09:12:21.963 - Install path: 'C:\Program Files\DBeaver'
2024-09-06 09:12:21.963 - Instance path: 'file:/C:/workspace/06_DB/'
2024-09-06 09:12:21.966 - Memory available 64Mb/1024Mb
2024-09-06 09:12:21.979 - Create display
> Start DevStyle Theming - Webicons [com.genuitec.eclipse.webicons 2024.2.0.202406171634]
> Start JFace [org.eclipse.jface 3.34.0.v20240502-1134]
2024-09-06 09:12:22.600 - Initialize desktop platform...
2024-09-06 09:12:22.738 - BounceCastle bundle found. Use JCE provider BC
> Start Core File Systems [org.eclipse.core.filesystem 1.10.400.v20240426-1040]
> Start Text Editor Framework [org.eclipse.ui.workbench.texteditor 3.17.400.v20240524-2010]
> Start Client [com.genuitec.eclipse.codetogether.ui.client 2024.3.1.202407230323]
> Start Workspace [com.genuitec.eclipse.startup.workspace 2024.2.0.202406171634]
> Start Webclipse Common Core Platform Utilities [com.genuitec.eclipse.core.common.platform 2024.2.0.202406171634]
> Start Webclipse Common Core Platform Utilities [com.genuitec.eclipse.ui.common.platform 2024.2.0.202406171634]
> Start DevStyle Theming - Color Theme API [com.genuitec.eclipsecolortheme.api 2024.2.0.202406171634]
> Start Evergreen Updates [com.genuitec.eclipse.webclipse.evergreen 2024.2.0.202406171634]
> Start Core Resource Management [org.eclipse.core.resources 3.20.200.v20240513-1323]
> Start Team Support Core [org.eclipse.team.core 3.10.400.v20240413-1529]
> Start DBeaver UI Navigator [org.jkiss.dbeaver.ui.navigator 1.0.136.202408041450]
2024-09-06 09:12:32.780 - Initialize base platform...
2024-09-06 09:12:32.802 - Platform initialized (10201ms)
> Start DBeaver UI Editors - Base [org.jkiss.dbeaver.ui.editors.base 1.0.136.202408041450]
2024-09-06 09:12:32.850 - Starting instance server at http://localhost:59850
2024-09-06 09:12:32.866 - Run workbench
> Start Eclipse e4 Workbench SWT [org.eclipse.e4.ui.workbench.swt 0.17.400.v20240425-0840]
> Start Eclipse Application Services [org.eclipse.e4.core.services 2.4.400.v20240413-1529]
> Start Eclipse UI Application Services [org.eclipse.e4.ui.services 1.6.300.v20231201-1637]
> Start Eclipse e4 Progress View [org.eclipse.e4.ui.progress 0.4.400.v20240424-0956]
> Start Eclipse Bindings Support [org.eclipse.e4.ui.bindings 0.14.400.v20240321-1245]
> Start Eclipse e4 core commands [org.eclipse.e4.core.commands 1.1.400.v20240424-0444]
WARNING: Annotation classes from the 'javax.inject' or 'javax.annotation' package found.
It is recommended to migrate to the corresponding replacements in the jakarta namespace.
The Eclipse E4 Platform will remove support for those javax-annotations in a future release.
To suppress this warning, set the VM property: -Declipse.e4.inject.javax.warning=false
To disable processing of 'javax' annotations entirely, set the VM property: -Declipse.e4.inject.javax.disabled=true

> Start EMF XML/XMI Persistence [org.eclipse.emf.ecore.xmi 2.37.0.v20231208-1346]
> Start Eclipse CSS SWT Theme Support [org.eclipse.e4.ui.css.swt.theme 0.14.400.v20240424-0956]
> Start Eclipse e4 Workbench Add-ons [org.eclipse.e4.ui.workbench.addons.swt 1.5.400.v20240416-0658]
> Start Eclipse e4 Workbench SWT Renderer [org.eclipse.e4.ui.workbench.renderers.swt 0.16.400.v20240418-1547]
> Start Eclipse Dependency Injection Extensions [org.eclipse.e4.core.di.extensions 0.18.300.v20240413-1529]
> Start Eclipse CSS SWT Support [org.eclipse.e4.ui.css.swt 0.15.400.v20240321-1245]
> Start Startup [com.genuitec.eclipse.startup 2024.2.0.202406171634]
> Start DevStyle Theming - Scrollbar [com.genuitec.eclipse.theming.scrollbar 2024.2.0.202406171634]
> Start GEF Classic Draw2d [org.eclipse.draw2d 3.16.0.202405290843]
> Start DevStyle Theming - Base [com.genuitec.eclipse.theming.base 2024.2.0.202406171634]
> Start DevStyle Theming - UI [com.genuitec.eclipse.theming.ui 2024.2.0.202406171634]
> Start Default Text Editor [org.eclipse.ui.editors 3.17.300.v20240524-2010]
2024-09-06 09:12:35.230 - Configure workbench window
> Start DBeaver SQL Model [org.jkiss.dbeaver.model.sql 1.0.126.202408041450]
2024-09-06 09:12:35.373 - Total database drivers: 119 (119)
> Start Help System Core [org.eclipse.help 3.10.400.v20240415-0528]
2024-09-06 09:12:35.436 - Create actions
2024-09-06 09:12:35.443 - Disable Eclipse action set 'org.eclipse.ui.edit.text.actionSet.annotationNavigation'
2024-09-06 09:12:35.444 - Disable Eclipse action set 'org.eclipse.ui.WorkingSetActionSet'
2024-09-06 09:12:35.444 - Disable Eclipse action set 'org.eclipse.ui.actionSet.openFiles'
2024-09-06 09:12:35.444 - Create workbench actions
> Start Enhanced Explorer JDT Support [com.genuitec.eclipse.meexplorer.jdt 2024.2.0.202406171634]
> Start Enhanced Explorer [com.genuitec.eclipse.meexplorer 2024.2.0.202406171634]
> Start Common Navigator View [org.eclipse.ui.navigator 3.12.400.v20240424-0956]
> Start Eclipse Compiler for Java(TM) [org.eclipse.jdt.core.compiler.batch 3.38.0.v20240524-2033]
> Start Java Development Tools Core [org.eclipse.jdt.core 3.38.0.v20240528-0618]
> Start Java Code Manipulation Functionality [org.eclipse.jdt.core.manipulation 1.21.100.v20240524-2038]
> Start Java Development Tools UI [org.eclipse.jdt.ui 3.32.100.v20240524-2038]
> Start Navigator Workbench Components [org.eclipse.ui.navigator.resources 3.9.300.v20240506-0929]
2024-09-06 09:12:36.419 - Initialize workbench window
2024-09-06 09:12:36.425 - Finish initialization
> Start DBeaver UI Editors - Data [org.jkiss.dbeaver.ui.editors.data 1.0.136.202408041450]
> Start Internet Connection Management UI [org.eclipse.ui.net 1.5.400.v20240413-1529]
> Start JGit SSH support based on Apache MINA sshd [org.eclipse.jgit.ssh.apache 6.10.0.202406032230-r]
> Start JGit Apache httpclient based HTTP support [org.eclipse.jgit.http.apache 6.10.0.202406032230-r]
> Start JSch Core [org.eclipse.jsch.core 1.5.400.v20240413-1649]
> Start Internet Connection Management [org.eclipse.core.net 1.5.400.v20240413-1529]
> Start Browser Support [org.eclipse.ui.browser 3.8.300.v20240524-2010]
> Start CodeTogether UI [com.genuitec.eclipse.codetogether.ui 2024.3.1.202407230323]
> Start CodeTogether Core [com.genuitec.eclipse.codetogether.core 2024.3.1.202407230323]
> Start Equinox Provisioning Core [org.eclipse.equinox.p2.core 2.12.0.v20240515-1919]
> Start Equinox Provisioning Engine [org.eclipse.equinox.p2.engine 2.10.200.v20240425-1316]
> Start Equinox Provisioning Metadata [org.eclipse.equinox.p2.metadata 2.9.100.v20240416-0654]
> Start Equinox Provisioning Metadata Repository [org.eclipse.equinox.p2.metadata.repository 1.5.400.v20240515-1919]
> Start Equinox Provisioning Repository [org.eclipse.equinox.p2.repository 2.9.100.v20240511-1722]
Warning: NLS unused message: actions_navigator__objects in: org.jkiss.dbeaver.ui.editors.sql.internal.SQLEditorMessages
> Start DBeaver UI Editors - SQL [org.jkiss.dbeaver.ui.editors.sql 1.0.136.202408041450]
> Start DBeaver Sample Database [org.jkiss.dbeaver.ext.sample.database 1.0.173.202408041450]
> Start DBeaver Tip of the day [org.jkiss.dbeaver.ext.ui.tipoftheday 1.0.142.202408041450]
> Start Language Server Protocol client for CodeTogether [com.genuitec.eclipse.lsp4e 2024.3.1.202407230323]
> Start Equinox Provisioning UI Support [org.eclipse.equinox.p2.ui 2.8.400.v20240511-1722]
> Start Equinox Provisioning Operations API [org.eclipse.equinox.p2.operations 2.7.400.v20240425-0751]
> Start Equinox Provisioning Platform Update Support [org.eclipse.equinox.p2.ui.sdk 1.3.300.v20240207-1113]
9월 06, 2024 9:12:38 오전 org.glassfish.grizzly.http.server.NetworkListener start
정보: Started listener bound to [localhost:1598]
9월 06, 2024 9:12:38 오전 org.glassfish.grizzly.http.server.HttpServer start
정보: [HttpServer] Started.
> Start Team Support UI [org.eclipse.team.ui 3.10.400.v20240416-0654]
2024-09-06 09:12:40.263 - Open [https://dbeaver.io/product/version.xml]
> Start GEF Classic GEF (MVC) [org.eclipse.gef 3.18.0.202405290843]
> Start DBeaver ERD UI [org.jkiss.dbeaver.erd.ui 3.0.96.202408041450]
> Start DBeaver ERD Model [org.jkiss.dbeaver.erd.model 1.0.96.202408041450]
> Start DBeaver Dashboard UI [org.jkiss.dbeaver.ui.dashboard 1.0.133.202408041450]
> Start DBeaver Dashboards Model [org.jkiss.dbeaver.model.dashboard 1.0.9.202408041450]
> Start DBeaver JDBC Model [org.jkiss.dbeaver.model.jdbc 1.0.29.202408041450]
> Start DBeaver Oracle Model [org.jkiss.dbeaver.ext.oracle 2.1.221.202408041450]
> Start DBeaver UI Editors - Connections [org.jkiss.dbeaver.ui.editors.connection 1.0.127.202408041450]
2024-09-06 09:12:55.741 - Connect with 'KH_KHJ(KH1234)' (oracle_thin-1914e875d2c-497537ff5ab424e1)
2024-09-06 09:12:55.771 - Execution context opened (KH_KHJ(KH1234); Main; 0)
2024-09-06 09:12:56.418 - Execution context opened (KH_KHJ(KH1234); Metadata; 1)
2024-09-06 09:12:56.570 - Connected (oracle_thin-1914e875d2c-497537ff5ab424e1, Oracle JDBC driver [23.2.0.0.0])
> Start DBeaver Search UI [org.jkiss.dbeaver.ui.search 1.0.127.202408041450]
> Start Search Support [org.eclipse.search 3.16.200.v20240426-0859]
2024-09-06 09:15:36.081 - 	Invalidate context 'Main' for oracle_thin-1914e875d2c-497537ff5ab424e1 (BEFORE_INVALIDATE)
2024-09-06 09:15:36.093 - Execution context closed (KH_KHJ(KH1234), 0)
2024-09-06 09:15:36.093 - 	Invalidate context 'Metadata' for oracle_thin-1914e875d2c-497537ff5ab424e1 (BEFORE_INVALIDATE)
2024-09-06 09:15:36.105 - Execution context closed (KH_KHJ(KH1234), 1)
2024-09-06 09:15:36.105 - 	Invalidate context 'Main' for oracle_thin-1914e875d2c-497537ff5ab424e1 (INVALIDATE)
2024-09-06 09:15:36.182 - 	Invalidate context 'Metadata' for oracle_thin-1914e875d2c-497537ff5ab424e1 (INVALIDATE)
2024-09-06 09:15:36.226 - 	Invalidate context 'Main' for oracle_thin-1914e875d2c-497537ff5ab424e1 (AFTER_INVALIDATE)
2024-09-06 09:15:36.227 - 	Invalidate context 'Metadata' for oracle_thin-1914e875d2c-497537ff5ab424e1 (AFTER_INVALIDATE)
2024-09-06 09:15:36.231 - Connections reopened: 2 (of 2)
2024-09-06 09:15:50.977 - Error reading statistics of 'KH_KHJ(KH1234)'
org.jkiss.dbeaver.DBDatabaseException: Can't read tablespace statistics
	at org.jkiss.dbeaver.ext.oracle.model.OracleDataSource.collectObjectStatistics(OracleDataSource.java:882)
	at org.jkiss.dbeaver.ui.navigator.itemlist.ItemListControl$ItemLoadService.evaluate(ItemListControl.java:336)
	at org.jkiss.dbeaver.ui.navigator.itemlist.ItemListControl$ItemLoadService.evaluate(ItemListControl.java:1)
	at org.jkiss.dbeaver.ui.LoadingJob.run(LoadingJob.java:88)
	at org.jkiss.dbeaver.ui.LoadingJob.syncRun(LoadingJob.java:111)
	at org.jkiss.dbeaver.ui.navigator.itemlist.ObjectListControl.loadData(ObjectListControl.java:367)
	at org.jkiss.dbeaver.ui.navigator.itemlist.ObjectListControl.loadData(ObjectListControl.java:321)
	at org.jkiss.dbeaver.ui.editors.entity.properties.TabbedFolderPageNode.aboutToBeShown(TabbedFolderPageNode.java:132)
	at org.jkiss.dbeaver.ui.controls.folders.TabbedFolderComposite$FolderPane.onFolderSwitch(TabbedFolderComposite.java:175)
	at org.jkiss.dbeaver.ui.controls.folders.TabbedFolderComposite$FolderPane$2.widgetSelected(TabbedFolderComposite.java:136)
	at org.eclipse.swt.widgets.TypedListener.handleEvent(TypedListener.java:265)
	at org.eclipse.swt.widgets.EventTable.sendEvent(EventTable.java:91)
	at org.eclipse.swt.widgets.Display.sendEvent(Display.java:4285)
	at org.eclipse.swt.widgets.Widget.sendEvent(Widget.java:1160)
	at org.eclipse.swt.widgets.Widget.sendEvent(Widget.java:1184)
	at org.eclipse.swt.widgets.Widget.sendEvent(Widget.java:1169)
	at org.eclipse.swt.widgets.Widget.notifyListeners(Widget.java:841)
	at org.jkiss.dbeaver.ui.controls.folders.TabbedFolderList.select(TabbedFolderList.java:659)
	at org.jkiss.dbeaver.ui.controls.folders.TabbedFolderComposite.switchFolder(TabbedFolderComposite.java:415)
	at org.jkiss.dbeaver.ui.controls.folders.TabbedFolderComposite.switchFolder(TabbedFolderComposite.java:407)
	at org.jkiss.dbeaver.ui.editors.entity.properties.ObjectPropertiesEditor.createFoldersPanel(ObjectPropertiesEditor.java:273)
	at org.jkiss.dbeaver.ui.editors.entity.properties.ObjectPropertiesEditor.createPropertyBrowser(ObjectPropertiesEditor.java:163)
	at org.jkiss.dbeaver.ui.editors.entity.properties.ObjectPropertiesEditor.lambda$1(ObjectPropertiesEditor.java:345)
	at org.eclipse.swt.widgets.RunnableLock.run(RunnableLock.java:40)
	at org.eclipse.swt.widgets.Synchronizer.runAsyncMessages(Synchronizer.java:132)
	at org.eclipse.swt.widgets.Display.runAsyncMessages(Display.java:4058)
	at org.eclipse.swt.widgets.Display.readAndDispatch(Display.java:3676)
	at org.eclipse.e4.ui.internal.workbench.swt.PartRenderingEngine$5.run(PartRenderingEngine.java:1151)
	at org.eclipse.core.databinding.observable.Realm.runWithDefault(Realm.java:339)
	at org.eclipse.e4.ui.internal.workbench.swt.PartRenderingEngine.run(PartRenderingEngine.java:1042)
	at org.eclipse.e4.ui.internal.workbench.E4Workbench.createAndRunUI(E4Workbench.java:152)
	at org.eclipse.ui.internal.Workbench.lambda$3(Workbench.java:639)
	at org.eclipse.core.databinding.observable.Realm.runWithDefault(Realm.java:339)
	at org.eclipse.ui.internal.Workbench.createAndRunWorkbench(Workbench.java:546)
	at org.eclipse.ui.PlatformUI.createAndRunWorkbench(PlatformUI.java:173)
	at org.jkiss.dbeaver.ui.app.standalone.DBeaverApplication.start(DBeaverApplication.java:291)
	at org.eclipse.equinox.internal.app.EclipseAppHandle.run(EclipseAppHandle.java:208)
	at org.eclipse.core.runtime.internal.adaptor.EclipseAppLauncher.runApplication(EclipseAppLauncher.java:143)
	at org.eclipse.core.runtime.internal.adaptor.EclipseAppLauncher.start(EclipseAppLauncher.java:109)
	at org.eclipse.core.runtime.adaptor.EclipseStarter.run(EclipseStarter.java:439)
	at org.eclipse.core.runtime.adaptor.EclipseStarter.run(EclipseStarter.java:271)
	at java.base/jdk.internal.reflect.NativeMethodAccessorImpl.invoke0(Native Method)
	at java.base/jdk.internal.reflect.NativeMethodAccessorImpl.invoke(Unknown Source)
	at java.base/jdk.internal.reflect.DelegatingMethodAccessorImpl.invoke(Unknown Source)
	at java.base/java.lang.reflect.Method.invoke(Unknown Source)
	at org.jkiss.dbeaver.launcher.DBeaverLauncher.invokeFramework(DBeaverLauncher.java:648)
	at org.jkiss.dbeaver.launcher.DBeaverLauncher.basicRun(DBeaverLauncher.java:608)
	at org.jkiss.dbeaver.launcher.DBeaverLauncher.run(DBeaverLauncher.java:1459)
Caused by: java.sql.SQLSyntaxErrorException: ORA-00942: 테이블 또는 뷰가 존재하지 않습니다

	at oracle.jdbc.driver.T4CTTIoer11.processError(T4CTTIoer11.java:702)
	at oracle.jdbc.driver.T4CTTIoer11.processError(T4CTTIoer11.java:608)
	at oracle.jdbc.driver.T4C8Oall.processError(T4C8Oall.java:1335)
	at oracle.jdbc.driver.T4CTTIfun.receive(T4CTTIfun.java:1041)
	at oracle.jdbc.driver.T4CTTIfun.doRPC(T4CTTIfun.java:443)
	at oracle.jdbc.driver.T4C8Oall.doOALL(T4C8Oall.java:533)
	at oracle.jdbc.driver.T4CStatement.doOall8(T4CStatement.java:176)
	at oracle.jdbc.driver.T4CStatement.executeForDescribe(T4CStatement.java:1050)
	at oracle.jdbc.driver.OracleStatement.prepareDefineBufferAndExecute(OracleStatement.java:1318)
	at oracle.jdbc.driver.OracleStatement.executeMaybeDescribe(OracleStatement.java:1197)
	at oracle.jdbc.driver.OracleStatement.executeSQLSelect(OracleStatement.java:1721)
	at oracle.jdbc.driver.OracleStatement.doExecuteWithTimeout(OracleStatement.java:1518)
	at oracle.jdbc.driver.OracleStatement.executeQuery(OracleStatement.java:2086)
	at oracle.jdbc.driver.OracleStatementWrapper.executeQuery(OracleStatementWrapper.java:384)
	at org.jkiss.dbeaver.model.impl.jdbc.exec.JDBCStatementImpl.executeQuery(JDBCStatementImpl.java:346)
	at org.jkiss.dbeaver.ext.oracle.model.OracleDataSource.collectObjectStatistics(OracleDataSource.java:863)
	... 47 more
Caused by: Error : 942, Position : 245, SQL = SELECT
	TS.TABLESPACE_NAME, F.AVAILABLE_SPACE, S.USED_SPACE
FROM
	SYS.DBA_TABLESPACES TS,
	(SELECT TABLESPACE_NAME, SUM(BYTES) AVAILABLE_SPACE FROM DBA_DATA_FILES GROUP BY TABLESPACE_NAME) F,
	(SELECT TABLESPACE_NAME, SUM(BYTES) USED_SPACE FROM DBA_SEGMENTS GROUP BY TABLESPACE_NAME) S
WHERE
	F.TABLESPACE_NAME(+) = TS.TABLESPACE_NAME AND S.TABLESPACE_NAME(+) = TS.TABLESPACE_NAME, Original SQL = SELECT
	TS.TABLESPACE_NAME, F.AVAILABLE_SPACE, S.USED_SPACE
FROM
	SYS.DBA_TABLESPACES TS,
	(SELECT TABLESPACE_NAME, SUM(BYTES) AVAILABLE_SPACE FROM DBA_DATA_FILES GROUP BY TABLESPACE_NAME) F,
	(SELECT TABLESPACE_NAME, SUM(BYTES) USED_SPACE FROM DBA_SEGMENTS GROUP BY TABLESPACE_NAME) S
WHERE
	F.TABLESPACE_NAME(+) = TS.TABLESPACE_NAME AND S.TABLESPACE_NAME(+) = TS.TABLESPACE_NAME, Error Message = ORA-00942: 테이블 또는 뷰가 존재하지 않습니다

	at oracle.jdbc.driver.T4CTTIoer11.processError(T4CTTIoer11.java:710)
	... 62 more
> Start DBeaver Oracle UI [org.jkiss.dbeaver.ext.oracle.ui 1.0.123.202408041450]
2024-09-06 09:15:58.943 - Can't get column 'EXTERNAL_NAME': ORA-17006: 열 이름이 부적합합니다.
2024-09-06 09:15:58.944 - Can't get column 'ACCOUNT_STATUS': ORA-17006: 열 이름이 부적합합니다.
2024-09-06 09:15:58.944 - Can't get column 'LOCK_DATE': ORA-17006: 열 이름이 부적합합니다.
2024-09-06 09:15:58.944 - Can't get column 'EXPIRY_DATE': ORA-17006: 열 이름이 부적합합니다.
2024-09-06 09:15:58.944 - Can't get column 'DEFAULT_TABLESPACE': ORA-17006: 열 이름이 부적합합니다.
2024-09-06 09:15:58.944 - Can't get column 'TEMPORARY_TABLESPACE': ORA-17006: 열 이름이 부적합합니다.
2024-09-06 09:15:58.944 - Can't get column 'PROFILE': ORA-17006: 열 이름이 부적합합니다.
2024-09-06 09:15:58.944 - Can't get column 'INITIAL_RSRC_CONSUMER_GROUP': ORA-17006: 열 이름이 부적합합니다.
2024-09-06 09:16:10.005 - Can't get column 'PLUGGED_IN': ORA-17006: 열 이름이 부적합합니다.
> Start DBeaver SQL Terminal [org.jkiss.dbeaver.ui.editors.sql.terminal 1.0.112.202408041450]
> Start Refactoring Core [org.eclipse.ltk.core.refactoring 3.14.400.v20240321-1245]
> Start Debug Core [org.eclipse.debug.core 3.21.400.v20240415-0528]
> Start Debug UI [org.eclipse.debug.ui 3.18.400.v20240516-0857]
> Start Core Compare Support [org.eclipse.compare.core 3.8.500.v20240524-2010]
> Start Console [org.eclipse.ui.console 3.14.100.v20240429-1358]
2024-09-06 09:17:33.147 - Execution context opened (KH_KHJ(KH1234); SQLEditor <Script-1.sql>; 2)
> Start Core Variables [org.eclipse.core.variables 3.6.400.v20240413-1529]
> Start DBeaver Tasks - Native Tools UI [org.jkiss.dbeaver.tasks.native.ui 1.0.114.202408041450]
> Start DBeaver Tasks - General UI [org.jkiss.dbeaver.tasks.ui 1.0.114.202408041450]
> Start Java Development Tools Launching Support [org.eclipse.jdt.launching 3.22.0.v20240424-1830]
> Start DBeaver SQL Language Semantic Model [org.jkiss.dbeaver.model.lsm 1.0.31.202408041450]
2024-09-06 09:18:39.384 - Connect with 'WORKBOOK 계정' (oracle_thin-1915a030989-f32c11da55fef31)
2024-09-06 09:18:39.385 - Execution context opened (WORKBOOK 계정; Main; 3)
2024-09-06 09:18:39.557 - Execution context opened (WORKBOOK 계정; Metadata; 4)
2024-09-06 09:18:39.629 - Connected (oracle_thin-1915a030989-f32c11da55fef31, Oracle JDBC driver [23.2.0.0.0])
2024-09-06 09:18:39.699 - Execution context opened (WORKBOOK 계정; SQLEditor <WORKBOOK문제1.SQL>; 5)
2024-09-06 09:18:42.063 - Execution context closed (WORKBOOK 계정, 5)
2024-09-06 09:23:53.424 - Connect with '시험용 계정(TEST USER / TEST1234)' (oracle_thin-19169c4ae5b-1fa09b9fc289b743)
2024-09-06 09:23:53.425 - Execution context opened (시험용 계정(TEST USER / TEST1234); Main; 6)
2024-09-06 09:23:53.482 - Execution context opened (시험용 계정(TEST USER / TEST1234); Metadata; 7)
2024-09-06 09:23:53.485 - Execution context opened (시험용 계정(TEST USER / TEST1234); SQLEditor <Script.sql>; 8)
2024-09-06 09:23:53.556 - Connected (oracle_thin-19169c4ae5b-1fa09b9fc289b743, Oracle JDBC driver [23.2.0.0.0])
2024-09-06 09:23:58.593 - Execution context closed (시험용 계정(TEST USER / TEST1234), 8)
2024-09-06 09:24:24.977 - Execution context closed (KH_KHJ(KH1234), 2)
2024-09-06 09:24:38.884 - Object 'BIN$/ydLyjCfR0uazpV/7RSGXA==$0' owner 'BIN$bXhwtfylS4C5TYSSUZ7UaQ==$0' not found
2024-09-06 09:24:38.884 - Object 'BIN$EUoZYt/XTzqCkkTghZ4RPQ==$0' owner 'BIN$Kipf3MTvQh+rFiitOT3h6Q==$0' not found
2024-09-06 09:24:38.884 - Object 'BIN$OM6jIJdHQOS3sZHCZ2zBhA==$0' owner 'BIN$bXhwtfylS4C5TYSSUZ7UaQ==$0' not found
2024-09-06 09:24:38.884 - Object 'BIN$QMo0wzxkRCyI3X1Juy+F4g==$0' owner 'BIN$EYKk5xVaQHSCb1vdZ5UYkw==$0' not found
2024-09-06 09:24:38.884 - Object 'BIN$moH7yjWkTEKKerEzL+EZxA==$0' owner 'BIN$MtUFS7LASDKT6io+cmQBRw==$0' not found
2024-09-06 09:24:38.884 - Can't get column 'COLUMN_NAMES_NUMS': ORA-17006: 열 이름이 부적합합니다.
2024-09-06 09:24:54.594 - Connect with 'sys 관리자 계정' (oracle_thin-1914e749f5c-7a88df780d235313)
2024-09-06 09:24:54.595 - Execution context opened (sys 관리자 계정; Main; 9)
2024-09-06 09:24:54.695 - Execution context opened (sys 관리자 계정; Metadata; 10)
2024-09-06 09:24:54.767 - Connected (oracle_thin-1914e749f5c-7a88df780d235313, Oracle JDBC driver [23.2.0.0.0])
2024-09-06 10:07:02.289 - Execution context opened (KH_KHJ(KH1234); SQLEditor <Script.sql>; 11)
2024-09-06 10:07:10.427 - Error while analyzing query text: /*
// EMPLOYEE	테이블에서
// 사번, 이름, 성별, 급여, 직급명, 부서명을 조회
// 단, 입력 받은 조건에 맞는 결과만 조회하고 정렬할 것

// - 조건 1 : 성별 (M, F)
// - 조건 2 : 급여 범위
// - 조건 3 : 급여 오름차순/내림차순
*/
SELECT 
	EMP_ID, 
	EMP_NAME,
	DECODE( SUBSTR(EMP_NO,8,1), '1', 'M', '2' ,'F') GENDER,
	SALARY,
	JOB_NAME,
	NVL(DEPT_TITLE, '없음') DEPT_TITLE
FROM EMPLOYEE
JOIN JOB USING(JOB_CODE)
LEFT JOIN DEPARTMENT ON (DEPT_CODE = DEPT_ID)
WHERE 
	DECODE( SUBSTR(EMP_NO,8,1), '1', 'M', '2' ,'F') = 'F'
AND 
	SALARY BETWEEN 3000000 AND 4000000
ORDER BY SALARY DESC
java.lang.IllegalStateException: Symbol already classified
	at org.jkiss.dbeaver.model.sql.semantics.SQLQuerySymbol.setSymbolClass(SQLQuerySymbol.java:53)
	at org.jkiss.dbeaver.model.sql.semantics.SQLQuerySymbol.setDefinition(SQLQuerySymbol.java:78)
	at org.jkiss.dbeaver.model.sql.semantics.model.select.SQLQueryRowsNaturalJoinModel.propagateContextImpl(SQLQueryRowsNaturalJoinModel.java:99)
	at org.jkiss.dbeaver.model.sql.semantics.model.select.SQLQueryRowsSourceModel.propagateContext(SQLQueryRowsSourceModel.java:81)
	at org.jkiss.dbeaver.model.sql.semantics.model.select.SQLQueryRowsNaturalJoinModel.propagateContextImpl(SQLQueryRowsNaturalJoinModel.java:89)
	at org.jkiss.dbeaver.model.sql.semantics.model.select.SQLQueryRowsSourceModel.propagateContext(SQLQueryRowsSourceModel.java:81)
	at org.jkiss.dbeaver.model.sql.semantics.model.select.SQLQueryRowsProjectionModel.propagateContextImpl(SQLQueryRowsProjectionModel.java:143)
	at org.jkiss.dbeaver.model.sql.semantics.model.select.SQLQueryRowsSourceModel.propagateContext(SQLQueryRowsSourceModel.java:81)
	at org.jkiss.dbeaver.model.sql.semantics.model.select.SQLQueryRowsSourceModel.applyContext(SQLQueryRowsSourceModel.java:69)
	at org.jkiss.dbeaver.model.sql.semantics.model.SQLQueryModel.propagateContext(SQLQueryModel.java:76)
	at org.jkiss.dbeaver.model.sql.semantics.SQLQueryModelRecognizer.recognizeQuery(SQLQueryModelRecognizer.java:147)
	at org.jkiss.dbeaver.model.sql.semantics.SQLQueryModelRecognizer.recognizeQuery(SQLQueryModelRecognizer.java:735)
	at org.jkiss.dbeaver.ui.editors.sql.semantics.SQLBackgroundParsingJob.doWork(SQLBackgroundParsingJob.java:542)
	at org.jkiss.dbeaver.ui.editors.sql.semantics.SQLBackgroundParsingJob$1.run(SQLBackgroundParsingJob.java:90)
	at org.jkiss.dbeaver.model.runtime.AbstractJob.run(AbstractJob.java:117)
	at org.eclipse.core.internal.jobs.Worker.run(Worker.java:63)
2024-09-06 10:07:25.898 - Error while analyzing query text: /*
// EMPLOYEE	테이블에서
// 사번, 이름, 성별, 급여, 직급명, 부서명을 조회
// 단, 입력 받은 조건에 맞는 결과만 조회하고 정렬할 것

// - 조건 1 : 성별 (M, F)
// - 조건 2 : 급여 범위
// - 조건 3 : 급여 오름차순/내림차순
*/
SELECT 
	EMP_ID, 
	EMP_NAME,
	DECODE( SUBSTR(EMP_NO,8,1), '1', 'M', '2' ,'F') GENDER,
	SALARY,
	JOB_NAME,
	NVL(DEPT_TITLE, '없음') DEPT_TITLE
FROM EMPLOYEE
JOIN JOB USING(JOB_CODE)
LEFT JOIN DEPARTMENT ON (DEPT_CODE = DEPT_ID)
WHERE 
	DECODE( SUBSTR(EMP_NO,8,1), '1', 'M', '2' ,'F') = 'F'
AND 
	SALARY BETWEEN 3000000 AND 4000000
ORDER BY SALARY DESC
java.lang.IllegalStateException: Symbol already classified
	at org.jkiss.dbeaver.model.sql.semantics.SQLQuerySymbol.setSymbolClass(SQLQuerySymbol.java:53)
	at org.jkiss.dbeaver.model.sql.semantics.SQLQuerySymbol.setDefinition(SQLQuerySymbol.java:78)
	at org.jkiss.dbeaver.model.sql.semantics.model.select.SQLQueryRowsNaturalJoinModel.propagateContextImpl(SQLQueryRowsNaturalJoinModel.java:99)
	at org.jkiss.dbeaver.model.sql.semantics.model.select.SQLQueryRowsSourceModel.propagateContext(SQLQueryRowsSourceModel.java:81)
	at org.jkiss.dbeaver.model.sql.semantics.model.select.SQLQueryRowsNaturalJoinModel.propagateContextImpl(SQLQueryRowsNaturalJoinModel.java:89)
	at org.jkiss.dbeaver.model.sql.semantics.model.select.SQLQueryRowsSourceModel.propagateContext(SQLQueryRowsSourceModel.java:81)
	at org.jkiss.dbeaver.model.sql.semantics.model.select.SQLQueryRowsProjectionModel.propagateContextImpl(SQLQueryRowsProjectionModel.java:143)
	at org.jkiss.dbeaver.model.sql.semantics.model.select.SQLQueryRowsSourceModel.propagateContext(SQLQueryRowsSourceModel.java:81)
	at org.jkiss.dbeaver.model.sql.semantics.model.select.SQLQueryRowsSourceModel.applyContext(SQLQueryRowsSourceModel.java:69)
	at org.jkiss.dbeaver.model.sql.semantics.model.SQLQueryModel.propagateContext(SQLQueryModel.java:76)
	at org.jkiss.dbeaver.model.sql.semantics.SQLQueryModelRecognizer.recognizeQuery(SQLQueryModelRecognizer.java:147)
	at org.jkiss.dbeaver.model.sql.semantics.SQLQueryModelRecognizer.recognizeQuery(SQLQueryModelRecognizer.java:735)
	at org.jkiss.dbeaver.ui.editors.sql.semantics.SQLBackgroundParsingJob.doWork(SQLBackgroundParsingJob.java:542)
	at org.jkiss.dbeaver.ui.editors.sql.semantics.SQLBackgroundParsingJob$1.run(SQLBackgroundParsingJob.java:90)
	at org.jkiss.dbeaver.model.runtime.AbstractJob.run(AbstractJob.java:117)
	at org.eclipse.core.internal.jobs.Worker.run(Worker.java:63)
2024-09-06 10:07:34.505 - Error while analyzing query text: --
-- 부서명을 입력 받아 
-- 해당 부서에 근무하는 사원의
-- 사번, 이름, 부서명, 직급명을 
-- 직급코드 오름차순으로 조회
SELECT 
	EMP_ID, 
	EMP_NAME, 
	NVL(DEPT_TITLE, '없음') DEPT_TITLE, 
	JOB_NAME
FROM EMPLOYEE
JOIN JOB USING(JOB_CODE)
LEFT JOIN DEPARTMENT ON (DEPT_CODE = DEPT_ID)
--WHERE DEPT_TITLE = '총무부'
ORDER BY JOB_CODE ASC
java.lang.IllegalStateException: Symbol already classified
	at org.jkiss.dbeaver.model.sql.semantics.SQLQuerySymbol.setSymbolClass(SQLQuerySymbol.java:53)
	at org.jkiss.dbeaver.model.sql.semantics.SQLQuerySymbol.setDefinition(SQLQuerySymbol.java:78)
	at org.jkiss.dbeaver.model.sql.semantics.model.select.SQLQueryRowsNaturalJoinModel.propagateContextImpl(SQLQueryRowsNaturalJoinModel.java:99)
	at org.jkiss.dbeaver.model.sql.semantics.model.select.SQLQueryRowsSourceModel.propagateContext(SQLQueryRowsSourceModel.java:81)
	at org.jkiss.dbeaver.model.sql.semantics.model.select.SQLQueryRowsNaturalJoinModel.propagateContextImpl(SQLQueryRowsNaturalJoinModel.java:89)
	at org.jkiss.dbeaver.model.sql.semantics.model.select.SQLQueryRowsSourceModel.propagateContext(SQLQueryRowsSourceModel.java:81)
	at org.jkiss.dbeaver.model.sql.semantics.model.select.SQLQueryRowsProjectionModel.propagateContextImpl(SQLQueryRowsProjectionModel.java:143)
	at org.jkiss.dbeaver.model.sql.semantics.model.select.SQLQueryRowsSourceModel.propagateContext(SQLQueryRowsSourceModel.java:81)
	at org.jkiss.dbeaver.model.sql.semantics.model.select.SQLQueryRowsSourceModel.applyContext(SQLQueryRowsSourceModel.java:69)
	at org.jkiss.dbeaver.model.sql.semantics.model.SQLQueryModel.propagateContext(SQLQueryModel.java:76)
	at org.jkiss.dbeaver.model.sql.semantics.SQLQueryModelRecognizer.recognizeQuery(SQLQueryModelRecognizer.java:147)
	at org.jkiss.dbeaver.model.sql.semantics.SQLQueryModelRecognizer.recognizeQuery(SQLQueryModelRecognizer.java:735)
	at org.jkiss.dbeaver.ui.editors.sql.semantics.SQLBackgroundParsingJob.doWork(SQLBackgroundParsingJob.java:542)
	at org.jkiss.dbeaver.ui.editors.sql.semantics.SQLBackgroundParsingJob$1.run(SQLBackgroundParsingJob.java:90)
	at org.jkiss.dbeaver.model.runtime.AbstractJob.run(AbstractJob.java:117)
	at org.eclipse.core.internal.jobs.Worker.run(Worker.java:63)
2024-09-06 10:07:34.709 - Error while analyzing query text: SELECT 
	EMP_ID, EMP_NAME,
	DECODE(SUBSTR(EMP_NO,8,1), 1, 'M', 2, 'F') GENDER,
	SALARY,
	JOB_NAME,
	NVL(DEPT_TITLE, '없음') DEPT_TITLE
FROM EMPLOYEE
JOIN JOB USING (JOB_CODE)
LEFT JOIN DEPARTMENT ON (DEPT_CODE = DEPT_ID)
WHERE DECODE(SUBSTR(EMP_NO,8,1), 1, 'M', 2, 'F') = 'F'
AND SALARY BETWEEN 3000000 AND 4000000
ORDER BY SALARY DESC
java.lang.IllegalStateException: Symbol already classified
	at org.jkiss.dbeaver.model.sql.semantics.SQLQuerySymbol.setSymbolClass(SQLQuerySymbol.java:53)
	at org.jkiss.dbeaver.model.sql.semantics.SQLQuerySymbol.setDefinition(SQLQuerySymbol.java:78)
	at org.jkiss.dbeaver.model.sql.semantics.model.select.SQLQueryRowsNaturalJoinModel.propagateContextImpl(SQLQueryRowsNaturalJoinModel.java:99)
	at org.jkiss.dbeaver.model.sql.semantics.model.select.SQLQueryRowsSourceModel.propagateContext(SQLQueryRowsSourceModel.java:81)
	at org.jkiss.dbeaver.model.sql.semantics.model.select.SQLQueryRowsNaturalJoinModel.propagateContextImpl(SQLQueryRowsNaturalJoinModel.java:89)
	at org.jkiss.dbeaver.model.sql.semantics.model.select.SQLQueryRowsSourceModel.propagateContext(SQLQueryRowsSourceModel.java:81)
	at org.jkiss.dbeaver.model.sql.semantics.model.select.SQLQueryRowsProjectionModel.propagateContextImpl(SQLQueryRowsProjectionModel.java:143)
	at org.jkiss.dbeaver.model.sql.semantics.model.select.SQLQueryRowsSourceModel.propagateContext(SQLQueryRowsSourceModel.java:81)
	at org.jkiss.dbeaver.model.sql.semantics.model.select.SQLQueryRowsSourceModel.applyContext(SQLQueryRowsSourceModel.java:69)
	at org.jkiss.dbeaver.model.sql.semantics.model.SQLQueryModel.propagateContext(SQLQueryModel.java:76)
	at org.jkiss.dbeaver.model.sql.semantics.SQLQueryModelRecognizer.recognizeQuery(SQLQueryModelRecognizer.java:147)
	at org.jkiss.dbeaver.model.sql.semantics.SQLQueryModelRecognizer.recognizeQuery(SQLQueryModelRecognizer.java:735)
	at org.jkiss.dbeaver.ui.editors.sql.semantics.SQLBackgroundParsingJob.doWork(SQLBackgroundParsingJob.java:542)
	at org.jkiss.dbeaver.ui.editors.sql.semantics.SQLBackgroundParsingJob$1.run(SQLBackgroundParsingJob.java:90)
	at org.jkiss.dbeaver.model.runtime.AbstractJob.run(AbstractJob.java:117)
	at org.eclipse.core.internal.jobs.Worker.run(Worker.java:63)
2024-09-06 10:07:34.742 - Error while analyzing query text: /*
// EMPLOYEE	테이블에서
// 사번, 이름, 성별, 급여, 직급명, 부서명을 조회
// 단, 입력 받은 조건에 맞는 결과만 조회하고 정렬할 것

// - 조건 1 : 성별 (M, F)
// - 조건 2 : 급여 범위
// - 조건 3 : 급여 오름차순/내림차순
*/
SELECT 
	EMP_ID, 
	EMP_NAME,
	DECODE( SUBSTR(EMP_NO,8,1), '1', 'M', '2' ,'F') GENDER,
	SALARY,
	JOB_NAME,
	NVL(DEPT_TITLE, '없음') DEPT_TITLE
FROM EMPLOYEE
JOIN JOB USING(JOB_CODE)
LEFT JOIN DEPARTMENT ON (DEPT_CODE = DEPT_ID)
WHERE 
	DECODE( SUBSTR(EMP_NO,8,1), '1', 'M', '2' ,'F') = 'F'
AND 
	SALARY BETWEEN 3000000 AND 4000000
ORDER BY SALARY DESC
java.lang.IllegalStateException: Symbol already classified
	at org.jkiss.dbeaver.model.sql.semantics.SQLQuerySymbol.setSymbolClass(SQLQuerySymbol.java:53)
	at org.jkiss.dbeaver.model.sql.semantics.SQLQuerySymbol.setDefinition(SQLQuerySymbol.java:78)
	at org.jkiss.dbeaver.model.sql.semantics.model.select.SQLQueryRowsNaturalJoinModel.propagateContextImpl(SQLQueryRowsNaturalJoinModel.java:99)
	at org.jkiss.dbeaver.model.sql.semantics.model.select.SQLQueryRowsSourceModel.propagateContext(SQLQueryRowsSourceModel.java:81)
	at org.jkiss.dbeaver.model.sql.semantics.model.select.SQLQueryRowsNaturalJoinModel.propagateContextImpl(SQLQueryRowsNaturalJoinModel.java:89)
	at org.jkiss.dbeaver.model.sql.semantics.model.select.SQLQueryRowsSourceModel.propagateContext(SQLQueryRowsSourceModel.java:81)
	at org.jkiss.dbeaver.model.sql.semantics.model.select.SQLQueryRowsProjectionModel.propagateContextImpl(SQLQueryRowsProjectionModel.java:143)
	at org.jkiss.dbeaver.model.sql.semantics.model.select.SQLQueryRowsSourceModel.propagateContext(SQLQueryRowsSourceModel.java:81)
	at org.jkiss.dbeaver.model.sql.semantics.model.select.SQLQueryRowsSourceModel.applyContext(SQLQueryRowsSourceModel.java:69)
	at org.jkiss.dbeaver.model.sql.semantics.model.SQLQueryModel.propagateContext(SQLQueryModel.java:76)
	at org.jkiss.dbeaver.model.sql.semantics.SQLQueryModelRecognizer.recognizeQuery(SQLQueryModelRecognizer.java:147)
	at org.jkiss.dbeaver.model.sql.semantics.SQLQueryModelRecognizer.recognizeQuery(SQLQueryModelRecognizer.java:735)
	at org.jkiss.dbeaver.ui.editors.sql.semantics.SQLBackgroundParsingJob.doWork(SQLBackgroundParsingJob.java:542)
	at org.jkiss.dbeaver.ui.editors.sql.semantics.SQLBackgroundParsingJob$1.run(SQLBackgroundParsingJob.java:90)
	at org.jkiss.dbeaver.model.runtime.AbstractJob.run(AbstractJob.java:117)
	at org.eclipse.core.internal.jobs.Worker.run(Worker.java:63)
> Start EditorMinimap [com.genuitec.eclipse.inlinesearch 2024.2.0.202406171634]
2024-09-06 10:39:31.992 - End idle 1 transactions for oracle_thin-1914e875d2c-497537ff5ab424e1
> Start Search Support Core [org.eclipse.search.core 3.16.200.v20240502-1134]
2024-09-06 15:09:18.730 - Error while analyzing query text: ---------------------------------------


-- * 다중행 다중열 서브쿼리를 이용한 UPDATE문

-- EMPLOYEE2 테이블에서
-- 방명수 사원의 급여 인상 소식을 전해들은 다른 멤버들이
-- 단체로 파업을 진행했다.
-- 노옹철, 전형돈, 정중하, 하동운 사원의 급여와 보너스를
-- 유재식 사원의 급여와 보너스와 같게 변경하는 UPDATE문을 작성하시오.

UPDATE EMPLOYEE2
SET (SALARY, BONUS) = ( -- 다중열 서브쿼리로 수정
							SELECT SALARY, BONUS 
							FROM EMPLOYEE2 
							WHERE EMP_NAME = '유재식')
WHERE EMP_NAME IN ('노옹철', '전형돈', '정중하', '하동운')
java.lang.UnsupportedOperationException: Search condition or value expression expected while facing with valueReference
	at org.jkiss.dbeaver.model.sql.semantics.SQLQueryModelRecognizer.collectValueExpression(SQLQueryModelRecognizer.java:490)
	at java.base/java.util.stream.ReferencePipeline$3$1.accept(Unknown Source)
	at java.base/java.util.ArrayList$ArrayListSpliterator.forEachRemaining(Unknown Source)
	at java.base/java.util.stream.AbstractPipeline.copyInto(Unknown Source)
	at java.base/java.util.stream.AbstractPipeline.wrapAndCopyInto(Unknown Source)
	at java.base/java.util.stream.ReduceOps$ReduceOp.evaluateSequential(Unknown Source)
	at java.base/java.util.stream.AbstractPipeline.evaluate(Unknown Source)
	at java.base/java.util.stream.ReferencePipeline.collect(Unknown Source)
	at org.jkiss.dbeaver.model.sql.semantics.model.dml.SQLQueryUpdateModel.recognize(SQLQueryUpdateModel.java:93)
	at org.jkiss.dbeaver.model.sql.semantics.SQLQueryModelRecognizer.recognizeQuery(SQLQueryModelRecognizer.java:123)
	at org.jkiss.dbeaver.model.sql.semantics.SQLQueryModelRecognizer.recognizeQuery(SQLQueryModelRecognizer.java:735)
	at org.jkiss.dbeaver.ui.editors.sql.semantics.SQLBackgroundParsingJob.doWork(SQLBackgroundParsingJob.java:542)
	at org.jkiss.dbeaver.ui.editors.sql.semantics.SQLBackgroundParsingJob$1.run(SQLBackgroundParsingJob.java:90)
	at org.jkiss.dbeaver.model.runtime.AbstractJob.run(AbstractJob.java:117)
	at org.eclipse.core.internal.jobs.Worker.run(Worker.java:63)
2024-09-06 15:09:43.998 - Error while analyzing query text: ---------------------------------------


-- * 다중행 다중열 서브쿼리를 이용한 UPDATE문

-- EMPLOYEE2 테이블에서
-- 방명수 사원의 급여 인상 소식을 전해들은 다른 멤버들이
-- 단체로 파업을 진행했다.
-- 노옹철, 전형돈, 정중하, 하동운 사원의 급여와 보너스를
-- 유재식 사원의 급여와 보너스와 같게 변경하는 UPDATE문을 작성하시오.

UPDATE EMPLOYEE2
SET (SALARY, BONUS) = ( -- 다중열 서브쿼리로 수정
							SELECT SALARY, BONUS 
							FROM EMPLOYEE2 
							WHERE EMP_NAME = '유재식')
WHERE EMP_NAME IN ('노옹철', '전형돈', '정중하', '하동운')
java.lang.UnsupportedOperationException: Search condition or value expression expected while facing with valueReference
	at org.jkiss.dbeaver.model.sql.semantics.SQLQueryModelRecognizer.collectValueExpression(SQLQueryModelRecognizer.java:490)
	at java.base/java.util.stream.ReferencePipeline$3$1.accept(Unknown Source)
	at java.base/java.util.ArrayList$ArrayListSpliterator.forEachRemaining(Unknown Source)
	at java.base/java.util.stream.AbstractPipeline.copyInto(Unknown Source)
	at java.base/java.util.stream.AbstractPipeline.wrapAndCopyInto(Unknown Source)
	at java.base/java.util.stream.ReduceOps$ReduceOp.evaluateSequential(Unknown Source)
	at java.base/java.util.stream.AbstractPipeline.evaluate(Unknown Source)
	at java.base/java.util.stream.ReferencePipeline.collect(Unknown Source)
	at org.jkiss.dbeaver.model.sql.semantics.model.dml.SQLQueryUpdateModel.recognize(SQLQueryUpdateModel.java:93)
	at org.jkiss.dbeaver.model.sql.semantics.SQLQueryModelRecognizer.recognizeQuery(SQLQueryModelRecognizer.java:123)
	at org.jkiss.dbeaver.model.sql.semantics.SQLQueryModelRecognizer.recognizeQuery(SQLQueryModelRecognizer.java:735)
	at org.jkiss.dbeaver.ui.editors.sql.semantics.SQLBackgroundParsingJob.doWork(SQLBackgroundParsingJob.java:542)
	at org.jkiss.dbeaver.ui.editors.sql.semantics.SQLBackgroundParsingJob$1.run(SQLBackgroundParsingJob.java:90)
	at org.jkiss.dbeaver.model.runtime.AbstractJob.run(AbstractJob.java:117)
	at org.eclipse.core.internal.jobs.Worker.run(Worker.java:63)
2024-09-06 15:15:53.353 - 
org.eclipse.core.internal.resources.ResourceException(/General/Scripts/Script-1.sql)[368]: java.lang.Exception: File not found: C:\workspace\06_DB\General\Scripts\Script-1.sql.
	at org.eclipse.core.internal.resources.ResourceException.provideStackTrace(ResourceException.java:42)
	at org.eclipse.core.internal.resources.ResourceException.<init>(ResourceException.java:38)
	at org.eclipse.core.internal.localstore.FileSystemResourceManager.read(FileSystemResourceManager.java:882)
	at org.eclipse.core.internal.resources.File.getContents(File.java:299)
	at org.eclipse.core.internal.resources.File.getContents(File.java:290)
	at org.jkiss.dbeaver.model.sql.SQLUtils.getScriptDescription(SQLUtils.java:653)
	at org.jkiss.dbeaver.ui.editors.sql.SQLEditorUtils.getResourceDescription(SQLEditorUtils.java:263)
	at org.jkiss.dbeaver.ui.editors.sql.scripts.ScriptsHandlerImpl.getResourceDescription(ScriptsHandlerImpl.java:81)
	at org.jkiss.dbeaver.model.navigator.DBNResource.getNodeDescription(DBNResource.java:153)
	at org.jkiss.dbeaver.ui.navigator.database.NavigatorViewBase.onSelectionChange(NavigatorViewBase.java:254)
	at org.jkiss.dbeaver.ui.navigator.database.NavigatorViewBase.lambda$1(NavigatorViewBase.java:119)
	at org.eclipse.jface.viewers.Viewer$1.run(Viewer.java:151)
	at org.eclipse.core.runtime.SafeRunner.run(SafeRunner.java:47)
	at org.eclipse.jface.util.SafeRunnable.run(SafeRunnable.java:174)
	at org.eclipse.jface.viewers.Viewer.fireSelectionChanged(Viewer.java:148)
	at org.eclipse.jface.viewers.StructuredViewer.updateSelection(StructuredViewer.java:2132)
	at org.eclipse.jface.viewers.ColumnViewer.updateSelection(ColumnViewer.java:1055)
	at org.eclipse.jface.viewers.StructuredViewer.handleSelect(StructuredViewer.java:1170)
	at org.eclipse.jface.viewers.StructuredViewer$4.widgetSelected(StructuredViewer.java:1199)
	at org.eclipse.jface.util.OpenStrategy.fireSelectionEvent(OpenStrategy.java:262)
	at org.eclipse.jface.util.OpenStrategy$1.handleEvent(OpenStrategy.java:420)
	at org.eclipse.swt.widgets.EventTable.sendEvent(EventTable.java:91)
	at org.eclipse.swt.widgets.Display.sendEvent(Display.java:4285)
	at org.eclipse.swt.widgets.Widget.sendEvent(Widget.java:1160)
	at org.eclipse.swt.widgets.Display.runDeferredEvents(Display.java:4083)
	at org.eclipse.swt.widgets.Display.readAndDispatch(Display.java:3673)
	at org.eclipse.e4.ui.internal.workbench.swt.PartRenderingEngine$5.run(PartRenderingEngine.java:1151)
	at org.eclipse.core.databinding.observable.Realm.runWithDefault(Realm.java:339)
	at org.eclipse.e4.ui.internal.workbench.swt.PartRenderingEngine.run(PartRenderingEngine.java:1042)
	at org.eclipse.e4.ui.internal.workbench.E4Workbench.createAndRunUI(E4Workbench.java:152)
	at org.eclipse.ui.internal.Workbench.lambda$3(Workbench.java:639)
	at org.eclipse.core.databinding.observable.Realm.runWithDefault(Realm.java:339)
	at org.eclipse.ui.internal.Workbench.createAndRunWorkbench(Workbench.java:546)
	at org.eclipse.ui.PlatformUI.createAndRunWorkbench(PlatformUI.java:173)
	at org.jkiss.dbeaver.ui.app.standalone.DBeaverApplication.start(DBeaverApplication.java:291)
	at org.eclipse.equinox.internal.app.EclipseAppHandle.run(EclipseAppHandle.java:208)
	at org.eclipse.core.runtime.internal.adaptor.EclipseAppLauncher.runApplication(EclipseAppLauncher.java:143)
	at org.eclipse.core.runtime.internal.adaptor.EclipseAppLauncher.start(EclipseAppLauncher.java:109)
	at org.eclipse.core.runtime.adaptor.EclipseStarter.run(EclipseStarter.java:439)
	at org.eclipse.core.runtime.adaptor.EclipseStarter.run(EclipseStarter.java:271)
	at java.base/jdk.internal.reflect.NativeMethodAccessorImpl.invoke0(Native Method)
	at java.base/jdk.internal.reflect.NativeMethodAccessorImpl.invoke(Unknown Source)
	at java.base/jdk.internal.reflect.DelegatingMethodAccessorImpl.invoke(Unknown Source)
	at java.base/java.lang.reflect.Method.invoke(Unknown Source)
	at org.jkiss.dbeaver.launcher.DBeaverLauncher.invokeFramework(DBeaverLauncher.java:648)
	at org.jkiss.dbeaver.launcher.DBeaverLauncher.basicRun(DBeaverLauncher.java:608)
	at org.jkiss.dbeaver.launcher.DBeaverLauncher.run(DBeaverLauncher.java:1459)
2024-09-06 15:15:54.169 - Core Exception caught while reading saved collapsed folding positions
org.eclipse.core.internal.resources.ResourceException(/General/Scripts/Script-1.sql)[368]: java.lang.Exception: Resource '/General/Scripts/Script-1.sql' does not exist.
	at org.eclipse.core.internal.resources.ResourceException.provideStackTrace(ResourceException.java:42)
	at org.eclipse.core.internal.resources.ResourceException.<init>(ResourceException.java:38)
	at org.eclipse.core.internal.resources.Resource.checkExists(Resource.java:364)
	at org.eclipse.core.internal.resources.Resource.checkAccessible(Resource.java:238)
	at org.eclipse.core.internal.resources.Resource.checkAccessibleAndLocal(Resource.java:244)
	at org.eclipse.core.internal.resources.Resource.getPersistentProperty(Resource.java:1167)
	at org.jkiss.dbeaver.ui.editors.sql.syntax.SQLReconcilingStrategy.getSavedCollapsedAnnotationsOffsets(SQLReconcilingStrategy.java:126)
	at org.jkiss.dbeaver.ui.editors.sql.syntax.SQLReconcilingStrategy.reconcile(SQLReconcilingStrategy.java:250)
	at org.jkiss.dbeaver.ui.editors.sql.syntax.SQLReconcilingStrategy.onDataSourceChange(SQLReconcilingStrategy.java:188)
	at org.jkiss.dbeaver.ui.editors.sql.SQLEditorSourceViewerConfiguration.onDataSourceChange(SQLEditorSourceViewerConfiguration.java:428)
	at org.jkiss.dbeaver.ui.editors.sql.SQLEditorBase.reloadSyntaxRules(SQLEditorBase.java:881)
	at org.jkiss.dbeaver.ui.editors.sql.SQLEditor.reloadSyntaxRules(SQLEditor.java:3416)
	at org.jkiss.dbeaver.ui.editors.sql.SQLEditor.lambda$21(SQLEditor.java:2225)
	at org.jkiss.dbeaver.ui.UIExecutionQueue.executeInUI(UIExecutionQueue.java:68)
	at org.eclipse.swt.widgets.RunnableLock.run(RunnableLock.java:40)
	at org.eclipse.swt.widgets.Synchronizer.runAsyncMessages(Synchronizer.java:132)
	at org.eclipse.swt.widgets.Display.runAsyncMessages(Display.java:4058)
	at org.eclipse.swt.widgets.Display.readAndDispatch(Display.java:3676)
	at org.eclipse.e4.ui.internal.workbench.swt.PartRenderingEngine$5.run(PartRenderingEngine.java:1151)
	at org.eclipse.core.databinding.observable.Realm.runWithDefault(Realm.java:339)
	at org.eclipse.e4.ui.internal.workbench.swt.PartRenderingEngine.run(PartRenderingEngine.java:1042)
	at org.eclipse.e4.ui.internal.workbench.E4Workbench.createAndRunUI(E4Workbench.java:152)
	at org.eclipse.ui.internal.Workbench.lambda$3(Workbench.java:639)
	at org.eclipse.core.databinding.observable.Realm.runWithDefault(Realm.java:339)
	at org.eclipse.ui.internal.Workbench.createAndRunWorkbench(Workbench.java:546)
	at org.eclipse.ui.PlatformUI.createAndRunWorkbench(PlatformUI.java:173)
	at org.jkiss.dbeaver.ui.app.standalone.DBeaverApplication.start(DBeaverApplication.java:291)
	at org.eclipse.equinox.internal.app.EclipseAppHandle.run(EclipseAppHandle.java:208)
	at org.eclipse.core.runtime.internal.adaptor.EclipseAppLauncher.runApplication(EclipseAppLauncher.java:143)
	at org.eclipse.core.runtime.internal.adaptor.EclipseAppLauncher.start(EclipseAppLauncher.java:109)
	at org.eclipse.core.runtime.adaptor.EclipseStarter.run(EclipseStarter.java:439)
	at org.eclipse.core.runtime.adaptor.EclipseStarter.run(EclipseStarter.java:271)
	at java.base/jdk.internal.reflect.NativeMethodAccessorImpl.invoke0(Native Method)
	at java.base/jdk.internal.reflect.NativeMethodAccessorImpl.invoke(Unknown Source)
	at java.base/jdk.internal.reflect.DelegatingMethodAccessorImpl.invoke(Unknown Source)
	at java.base/java.lang.reflect.Method.invoke(Unknown Source)
	at org.jkiss.dbeaver.launcher.DBeaverLauncher.invokeFramework(DBeaverLauncher.java:648)
	at org.jkiss.dbeaver.launcher.DBeaverLauncher.basicRun(DBeaverLauncher.java:608)
	at org.jkiss.dbeaver.launcher.DBeaverLauncher.run(DBeaverLauncher.java:1459)
2024-09-06 15:15:54.234 - Core Exception caught while reading saved collapsed folding positions
org.eclipse.core.internal.resources.ResourceException(/General/Scripts/Script-1.sql)[368]: java.lang.Exception: Resource '/General/Scripts/Script-1.sql' does not exist.
	at org.eclipse.core.internal.resources.ResourceException.provideStackTrace(ResourceException.java:42)
	at org.eclipse.core.internal.resources.ResourceException.<init>(ResourceException.java:38)
	at org.eclipse.core.internal.resources.Resource.checkExists(Resource.java:364)
	at org.eclipse.core.internal.resources.Resource.checkAccessible(Resource.java:238)
	at org.eclipse.core.internal.resources.Resource.checkAccessibleAndLocal(Resource.java:244)
	at org.eclipse.core.internal.resources.Resource.getPersistentProperty(Resource.java:1167)
	at org.jkiss.dbeaver.ui.editors.sql.syntax.SQLReconcilingStrategy.getSavedCollapsedAnnotationsOffsets(SQLReconcilingStrategy.java:126)
	at org.jkiss.dbeaver.ui.editors.sql.syntax.SQLReconcilingStrategy.reconcile(SQLReconcilingStrategy.java:250)
	at org.jkiss.dbeaver.ui.editors.sql.syntax.SQLReconcilingStrategy.onDataSourceChange(SQLReconcilingStrategy.java:188)
	at org.jkiss.dbeaver.ui.editors.sql.SQLEditorSourceViewerConfiguration.onDataSourceChange(SQLEditorSourceViewerConfiguration.java:428)
	at org.jkiss.dbeaver.ui.editors.sql.SQLEditorBase.reloadSyntaxRules(SQLEditorBase.java:881)
	at org.jkiss.dbeaver.ui.editors.sql.SQLEditor.reloadSyntaxRules(SQLEditor.java:3416)
	at org.jkiss.dbeaver.ui.editors.sql.SQLEditor.onDataSourceChange(SQLEditor.java:2924)
	at org.jkiss.dbeaver.ui.editors.sql.SQLEditor.onDataSourceChange(SQLEditor.java:2919)
	at org.jkiss.dbeaver.ui.UIExecutionQueue.executeInUI(UIExecutionQueue.java:68)
	at org.eclipse.swt.widgets.RunnableLock.run(RunnableLock.java:40)
	at org.eclipse.swt.widgets.Synchronizer.runAsyncMessages(Synchronizer.java:132)
	at org.eclipse.swt.widgets.Display.runAsyncMessages(Display.java:4058)
	at org.eclipse.swt.widgets.Display.readAndDispatch(Display.java:3676)
	at org.eclipse.e4.ui.internal.workbench.swt.PartRenderingEngine$5.run(PartRenderingEngine.java:1151)
	at org.eclipse.core.databinding.observable.Realm.runWithDefault(Realm.java:339)
	at org.eclipse.e4.ui.internal.workbench.swt.PartRenderingEngine.run(PartRenderingEngine.java:1042)
	at org.eclipse.e4.ui.internal.workbench.E4Workbench.createAndRunUI(E4Workbench.java:152)
	at org.eclipse.ui.internal.Workbench.lambda$3(Workbench.java:639)
	at org.eclipse.core.databinding.observable.Realm.runWithDefault(Realm.java:339)
	at org.eclipse.ui.internal.Workbench.createAndRunWorkbench(Workbench.java:546)
	at org.eclipse.ui.PlatformUI.createAndRunWorkbench(PlatformUI.java:173)
	at org.jkiss.dbeaver.ui.app.standalone.DBeaverApplication.start(DBeaverApplication.java:291)
	at org.eclipse.equinox.internal.app.EclipseAppHandle.run(EclipseAppHandle.java:208)
	at org.eclipse.core.runtime.internal.adaptor.EclipseAppLauncher.runApplication(EclipseAppLauncher.java:143)
	at org.eclipse.core.runtime.internal.adaptor.EclipseAppLauncher.start(EclipseAppLauncher.java:109)
	at org.eclipse.core.runtime.adaptor.EclipseStarter.run(EclipseStarter.java:439)
	at org.eclipse.core.runtime.adaptor.EclipseStarter.run(EclipseStarter.java:271)
	at java.base/jdk.internal.reflect.NativeMethodAccessorImpl.invoke0(Native Method)
	at java.base/jdk.internal.reflect.NativeMethodAccessorImpl.invoke(Unknown Source)
	at java.base/jdk.internal.reflect.DelegatingMethodAccessorImpl.invoke(Unknown Source)
	at java.base/java.lang.reflect.Method.invoke(Unknown Source)
	at org.jkiss.dbeaver.launcher.DBeaverLauncher.invokeFramework(DBeaverLauncher.java:648)
	at org.jkiss.dbeaver.launcher.DBeaverLauncher.basicRun(DBeaverLauncher.java:608)
	at org.jkiss.dbeaver.launcher.DBeaverLauncher.run(DBeaverLauncher.java:1459)
2024-09-06 15:16:13.641 - Execution context opened (WORKBOOK 계정; SQLEditor <WORKBOOK문제1.SQL>; 12)
2024-09-06 15:16:18.979 - Execution context closed (WORKBOOK 계정, 12)
2024-09-06 17:46:44.929 - Execution context closed (KH_KHJ(KH1234), 11)
2024-09-06 17:46:45.321 - DBeaver is stopping
2024-09-06 17:46:45.322 - Stop instance server
2024-09-06 17:46:46.327 - Instance server has been stopped
2024-09-06 17:46:46.327 - DBeaver shutdown completed
